TN:
SF:src\App.jsx
FN:14,App
FNF:1
FNH:1
FNDA:34,App
DA:15,34
DA:35,17
DA:37,17
LF:3
LH:3
BRF:0
BRH:0
end_of_record
TN:
SF:src\main.jsx
FNF:0
FNH:0
DA:6,17
LF:1
LH:1
BRF:0
BRH:0
end_of_record
TN:
SF:src\components\BackgroundLogo.jsx
FN:4,BackgroundLogo
FNF:1
FNH:1
FNDA:34,BackgroundLogo
DA:4,17
DA:5,34
DA:6,17
LF:3
LH:3
BRF:0
BRH:0
end_of_record
TN:
SF:src\components\Footer.jsx
FN:3,Footer
FNF:1
FNH:1
FNDA:34,Footer
DA:3,17
DA:4,34
DA:9,17
LF:3
LH:3
BRF:0
BRH:0
end_of_record
TN:
SF:src\components\Header.jsx
FN:6,Header
FN:15,(anonymous_1)
FN:6,(anonymous_2)
FNF:3
FNH:2
FNDA:78,Header
FNDA:0,(anonymous_1)
FNDA:17,(anonymous_2)
DA:6,78
DA:7,78
DA:8,78
DA:10,78
DA:11,34
DA:12,34
DA:15,44
DA:16,0
DA:17,0
DA:18,0
DA:20,44
DA:21,44
DA:26,44
DA:66,17
LF:14
LH:11
BRDA:7,0,0,78
BRDA:7,0,1,0
BRDA:10,1,0,34
BRDA:35,2,0,16
BRDA:35,2,1,28
BRDA:42,3,0,0
BRDA:42,3,1,16
BRF:7
BRH:5
end_of_record
TN:
SF:src\hooks\useAuth.jsx
FN:5,AuthProvider
FN:9,(anonymous_1)
FN:10,(anonymous_2)
FN:26,(anonymous_3)
FN:44,(anonymous_4)
FN:62,(anonymous_5)
FN:69,(anonymous_6)
FN:70,(anonymous_7)
FN:91,(anonymous_8)
FNF:9
FNH:6
FNDA:90,AuthProvider
FNDA:34,(anonymous_1)
FNDA:34,(anonymous_2)
FNDA:1,(anonymous_3)
FNDA:1,(anonymous_4)
FNDA:0,(anonymous_5)
FNDA:0,(anonymous_6)
FNDA:0,(anonymous_7)
FNDA:474,(anonymous_8)
DA:3,17
DA:5,90
DA:6,90
DA:7,90
DA:9,90
DA:10,34
DA:11,34
DA:12,34
DA:16,34
DA:17,22
DA:18,18
DA:21,30
DA:23,34
DA:26,90
DA:27,1
DA:34,1
DA:35,0
DA:36,0
DA:39,1
DA:40,1
DA:41,1
DA:44,90
DA:45,1
DA:52,1
DA:53,1
DA:54,1
DA:57,0
DA:58,0
DA:59,0
DA:62,90
DA:63,0
DA:67,0
DA:69,90
DA:70,0
DA:71,0
DA:74,90
DA:89,17
DA:91,474
LF:38
LH:29
BRDA:16,0,0,22
BRDA:34,1,0,0
BRDA:36,2,0,0
BRDA:36,2,1,0
BRDA:52,3,0,1
BRDA:54,4,0,1
BRDA:54,4,1,0
BRF:7
BRH:3
end_of_record
TN:
SF:src\hooks\useFetchData.jsx
FN:3,useFetchData
FN:8,(anonymous_1)
FN:11,(anonymous_2)
FNF:3
FNH:3
FNDA:156,useFetchData
FNDA:28,(anonymous_1)
FNDA:28,(anonymous_2)
DA:3,156
DA:4,156
DA:5,156
DA:6,156
DA:8,156
DA:9,28
DA:11,28
DA:12,28
DA:13,28
DA:14,28
DA:15,28
DA:16,2
DA:17,2
DA:18,2
DA:20,26
DA:21,23
DA:22,23
DA:24,2
DA:25,2
DA:26,2
DA:28,25
DA:32,28
DA:35,156
DA:36,17
LF:24
LH:24
BRDA:9,0,0,0
BRDA:15,1,0,2
BRDA:25,2,0,2
BRDA:25,2,1,0
BRF:4
BRH:2
end_of_record
TN:
SF:src\hooks\useWishlistManager.jsx
FN:4,useWishlistManager
FN:9,(anonymous_1)
FN:4,(anonymous_2)
FNF:3
FNH:2
FNDA:102,useWishlistManager
FNDA:2,(anonymous_1)
FNDA:0,(anonymous_2)
DA:4,102
DA:5,102
DA:6,102
DA:7,102
DA:9,102
DA:16,2
DA:17,2
DA:19,2
DA:20,2
DA:22,2
DA:23,0
DA:29,0
DA:30,0
DA:31,0
DA:32,0
DA:34,0
DA:37,2
DA:38,2
DA:47,2
DA:48,1
DA:49,1
DA:51,1
DA:54,1
DA:55,0
DA:56,0
DA:58,0
DA:62,0
DA:63,0
DA:64,0
DA:66,0
DA:70,1
DA:71,1
DA:72,1
DA:74,1
DA:86,1
DA:88,0
DA:89,0
DA:92,1
DA:93,1
DA:94,1
DA:96,1
DA:105,1
DA:106,1
DA:107,1
DA:109,0
DA:113,1
DA:116,1
DA:118,1
DA:119,1
DA:120,1
DA:122,2
DA:126,102
DA:127,17
LF:53
LH:37
BRDA:5,0,0,102
BRDA:5,0,1,0
BRDA:13,1,0,0
BRDA:14,2,0,0
BRDA:22,3,0,0
BRDA:29,4,0,0
BRDA:29,4,1,0
BRDA:31,5,0,0
BRDA:31,5,1,0
BRDA:37,6,0,2
BRDA:47,7,0,1
BRDA:54,8,0,0
BRDA:62,9,0,0
BRDA:62,9,1,0
BRDA:81,10,0,1
BRDA:81,10,1,0
BRDA:82,11,0,1
BRDA:82,11,1,0
BRDA:86,12,0,1
BRDA:86,12,1,0
BRDA:92,13,0,1
BRDA:92,14,0,1
BRDA:92,14,1,1
BRDA:105,15,0,1
BRDA:105,15,1,0
BRDA:119,16,0,1
BRDA:119,16,1,0
BRF:27
BRH:11
end_of_record
TN:
SF:src\pages\AddItem.jsx
FN:6,AddItem
FN:20,(anonymous_1)
FN:27,(anonymous_2)
FN:33,(anonymous_3)
FN:50,(anonymous_4)
FN:102,(anonymous_5)
FN:121,(anonymous_6)
FN:129,(anonymous_7)
FN:137,(anonymous_8)
FN:6,(anonymous_9)
FNF:10
FNH:8
FNDA:102,AddItem
FNDA:1,(anonymous_1)
FNDA:1,(anonymous_2)
FNDA:0,(anonymous_3)
FNDA:2,(anonymous_4)
FNDA:0,(anonymous_5)
FNDA:18,(anonymous_6)
FNDA:3,(anonymous_7)
FNDA:19,(anonymous_8)
FNDA:4,(anonymous_9)
DA:6,102
DA:7,102
DA:8,102
DA:9,102
DA:11,102
DA:13,102
DA:14,102
DA:15,102
DA:16,102
DA:17,102
DA:18,102
DA:20,102
DA:21,1
DA:22,1
DA:23,1
DA:24,1
DA:27,102
DA:28,1
DA:29,1
DA:30,0
DA:31,0
DA:33,0
DA:43,0
DA:44,0
DA:45,0
DA:46,0
DA:47,0
DA:50,102
DA:51,2
DA:53,2
DA:54,2
DA:55,2
DA:63,2
DA:71,2
DA:72,1
DA:74,1
DA:78,102
DA:103,0
DA:104,0
DA:121,18
DA:129,3
DA:137,19
DA:159,17
LF:43
LH:33
BRDA:9,0,0,102
BRDA:9,0,1,100
BRDA:22,1,0,0
BRDA:29,2,0,1
BRDA:30,3,0,0
BRDA:30,4,0,0
BRDA:30,4,1,0
BRDA:37,5,0,0
BRDA:37,5,1,0
BRDA:39,6,0,0
BRDA:39,6,1,0
BRDA:54,7,0,2
BRDA:57,8,0,1
BRDA:57,8,1,1
BRDA:59,9,0,2
BRDA:59,9,1,1
BRDA:68,10,0,2
BRDA:68,10,1,2
BRDA:71,11,0,1
BRDA:71,11,1,1
BRDA:74,12,0,1
BRDA:74,12,1,1
BRDA:82,13,0,4
BRDA:82,13,1,98
BRDA:151,14,0,4
BRDA:151,14,1,98
BRDA:155,15,0,102
BRDA:155,15,1,2
BRF:28
BRH:20
end_of_record
TN:
SF:src\pages\AddWishlist.jsx
FN:5,AddWishlist
FN:13,(anonymous_1)
FN:21,(anonymous_2)
FN:65,(anonymous_3)
FN:81,(anonymous_4)
FN:90,(anonymous_5)
FN:5,(anonymous_6)
FNF:7
FNH:6
FNDA:60,AddWishlist
FNDA:1,(anonymous_1)
FNDA:1,(anonymous_2)
FNDA:0,(anonymous_3)
FNDA:11,(anonymous_4)
FNDA:15,(anonymous_5)
FNDA:3,(anonymous_6)
DA:5,60
DA:6,60
DA:7,60
DA:8,60
DA:9,60
DA:11,60
DA:13,60
DA:14,1
DA:15,1
DA:16,1
DA:17,1
DA:21,60
DA:22,1
DA:24,1
DA:25,0
DA:26,0
DA:29,1
DA:38,60
DA:65,0
DA:81,11
DA:90,15
DA:104,17
LF:22
LH:19
BRDA:16,0,0,1
BRDA:24,1,0,0
BRDA:43,2,0,2
BRDA:43,2,1,58
BRF:4
BRH:3
end_of_record
TN:
SF:src\pages\Auth.jsx
FN:6,Auth
FN:15,(anonymous_1)
FN:57,(anonymous_2)
FN:68,(anonymous_3)
FN:78,(anonymous_4)
FN:89,(anonymous_5)
FN:6,(anonymous_6)
FNF:7
FNH:7
FNDA:210,Auth
FNDA:5,(anonymous_1)
FNDA:7,(anonymous_2)
FNDA:61,(anonymous_3)
FNDA:23,(anonymous_4)
FNDA:2,(anonymous_5)
FNDA:6,(anonymous_6)
DA:6,210
DA:7,210
DA:8,210
DA:9,210
DA:10,210
DA:12,210
DA:13,210
DA:15,210
DA:16,5
DA:18,5
DA:19,1
DA:20,1
DA:23,4
DA:24,4
DA:25,1
DA:26,1
DA:29,3
DA:30,1
DA:31,1
DA:34,2
DA:35,2
DA:39,1
DA:41,1
DA:42,1
DA:46,210
DA:57,7
DA:68,61
DA:78,23
DA:89,2
DA:99,17
LF:30
LH:30
BRDA:12,0,0,210
BRDA:12,0,1,0
BRDA:18,1,0,1
BRDA:18,2,0,5
BRDA:18,2,1,4
BRDA:18,2,2,4
BRDA:18,2,3,1
BRDA:24,3,0,1
BRDA:29,4,0,1
BRDA:35,5,0,1
BRDA:35,5,1,1
BRDA:39,6,0,1
BRDA:49,7,0,148
BRDA:49,7,1,62
BRDA:51,8,0,210
BRDA:51,8,1,62
BRDA:87,9,0,148
BRDA:87,9,1,62
BRDA:92,10,0,148
BRDA:92,10,1,62
BRF:20
BRH:19
end_of_record
TN:
SF:src\pages\Home.jsx
FN:4,Home
FNF:1
FNH:0
FNDA:0,Home
DA:4,17
DA:5,0
DA:19,17
LF:3
LH:2
BRF:0
BRH:0
end_of_record
TN:
SF:src\pages\NotFound.jsx
FN:3,NotFound
FNF:1
FNH:0
FNDA:0,NotFound
DA:3,17
DA:4,0
DA:15,17
LF:3
LH:2
BRF:0
BRH:0
end_of_record
TN:
SF:src\pages\UserPage.jsx
FN:10,UserPage
FN:33,(anonymous_1)
FN:47,(anonymous_2)
FN:47,(anonymous_3)
FN:48,(anonymous_4)
FN:49,(anonymous_5)
FN:59,(anonymous_6)
FN:64,(anonymous_7)
FN:65,(anonymous_8)
FN:68,(anonymous_9)
FN:85,(anonymous_10)
FN:117,(anonymous_11)
FN:174,(anonymous_12)
FN:10,(anonymous_13)
FNF:14
FNH:3
FNDA:12,UserPage
FNDA:4,(anonymous_1)
FNDA:0,(anonymous_2)
FNDA:0,(anonymous_3)
FNDA:0,(anonymous_4)
FNDA:0,(anonymous_5)
FNDA:0,(anonymous_6)
FNDA:0,(anonymous_7)
FNDA:0,(anonymous_8)
FNDA:0,(anonymous_9)
FNDA:0,(anonymous_10)
FNDA:0,(anonymous_11)
FNDA:0,(anonymous_12)
FNDA:2,(anonymous_13)
DA:10,17
DA:11,12
DA:12,12
DA:13,12
DA:14,12
DA:15,12
DA:17,12
DA:18,12
DA:20,12
DA:21,12
DA:23,12
DA:31,17
DA:33,12
DA:34,4
DA:37,12
DA:38,4
DA:45,8
DA:47,8
DA:48,8
DA:49,0
DA:50,0
DA:53,8
DA:57,8
DA:59,8
DA:60,0
DA:61,0
DA:62,0
DA:64,0
DA:65,0
DA:68,8
DA:69,0
DA:70,0
DA:72,0
DA:73,0
DA:75,0
DA:76,0
DA:82,0
DA:84,0
DA:85,0
DA:87,0
DA:89,0
DA:90,0
DA:94,8
DA:118,0
DA:119,0
DA:175,0
DA:208,17
LF:47
LH:25
BRDA:11,0,0,12
BRDA:11,0,1,0
BRDA:20,1,0,12
BRDA:20,1,1,12
BRDA:21,2,0,12
BRDA:21,2,1,12
BRDA:21,3,0,12
BRDA:21,3,1,0
BRDA:23,4,0,12
BRDA:23,4,1,0
BRDA:28,5,0,0
BRDA:34,6,0,0
BRDA:34,7,0,4
BRDA:34,7,1,4
BRDA:34,7,2,4
BRDA:37,8,0,4
BRDA:37,9,0,12
BRDA:37,9,1,12
BRDA:60,10,0,0
BRDA:70,11,0,0
BRDA:82,12,0,0
BRDA:98,13,0,8
BRDA:98,13,1,0
BRDA:98,14,0,8
BRDA:98,14,1,8
BRDA:98,15,0,8
BRDA:98,15,1,0
BRDA:99,16,0,0
BRDA:99,16,1,8
BRDA:112,17,0,8
BRDA:112,17,1,8
BRDA:112,17,2,8
BRDA:137,18,0,8
BRDA:137,18,1,0
BRDA:137,19,0,8
BRDA:137,19,1,8
BRDA:147,20,0,8
BRDA:147,20,1,8
BRDA:147,20,2,8
BRDA:161,21,0,8
BRDA:161,21,1,0
BRDA:165,22,0,0
BRDA:165,22,1,0
BRDA:179,23,0,0
BRDA:179,23,1,0
BRDA:179,24,0,0
BRDA:179,24,1,0
BRDA:181,25,0,0
BRDA:181,25,1,0
BRDA:196,26,0,0
BRDA:196,26,1,0
BRF:51
BRH:28
end_of_record
TN:
SF:src\pages\WishlistPage.jsx
FN:9,WishlistPage
FN:34,(anonymous_1)
FN:58,handleDeleteItem
FN:70,(anonymous_3)
FN:70,(anonymous_4)
FN:77,handleDeleteWishlist
FN:115,(anonymous_6)
FN:137,(anonymous_7)
FN:148,(anonymous_8)
FN:9,(anonymous_9)
FNF:10
FNH:9
FNDA:72,WishlistPage
FNDA:22,(anonymous_1)
FNDA:1,handleDeleteItem
FNDA:2,(anonymous_3)
FNDA:4,(anonymous_4)
FNDA:1,handleDeleteWishlist
FNDA:62,(anonymous_6)
FNDA:1,(anonymous_7)
FNDA:0,(anonymous_8)
FNDA:6,(anonymous_9)
DA:9,72
DA:10,72
DA:11,72
DA:12,72
DA:13,72
DA:14,72
DA:20,72
DA:26,72
DA:28,72
DA:30,72
DA:32,72
DA:34,72
DA:35,22
DA:36,10
DA:40,72
DA:41,22
DA:48,50
DA:49,8
DA:56,42
DA:59,1
DA:60,1
DA:65,1
DA:66,0
DA:67,0
DA:70,4
DA:72,0
DA:73,0
DA:78,1
DA:79,0
DA:81,1
DA:82,1
DA:86,1
DA:88,1
DA:91,1
DA:92,1
DA:93,2
DA:99,1
DA:101,0
DA:102,0
DA:106,42
DA:116,62
DA:137,1
DA:149,0
DA:194,17
LF:44
LH:36
BRDA:10,0,0,72
BRDA:10,0,1,0
BRDA:17,1,0,0
BRDA:23,2,0,0
BRDA:28,3,0,72
BRDA:28,3,1,72
BRDA:32,4,0,72
BRDA:32,4,1,64
BRDA:35,5,0,10
BRDA:40,6,0,22
BRDA:40,7,0,72
BRDA:40,7,1,56
BRDA:48,8,0,8
BRDA:51,9,0,8
BRDA:51,9,1,0
BRDA:56,10,0,42
BRDA:56,10,1,22
BRDA:65,11,0,0
BRDA:67,12,0,0
BRDA:67,12,1,0
BRDA:78,13,0,0
BRDA:86,14,0,0
BRDA:114,15,0,32
BRDA:114,15,1,10
BRDA:118,16,0,0
BRDA:118,16,1,62
BRDA:134,17,0,62
BRDA:134,17,1,42
BRDA:149,18,0,0
BRDA:149,18,1,0
BRDA:164,19,0,42
BRDA:164,19,1,22
BRDA:187,20,0,42
BRDA:187,20,1,0
BRF:34
BRH:21
end_of_record
