{
  "C:/uni/Wish/frontend/wishlist-app/src/hooks/useAuth.jsx": {
    "path": "C:/uni/Wish/frontend/wishlist-app/src/hooks/useAuth.jsx",
    "statementMap": {
      "0": {
        "start": {
          "line": 2,
          "column": 9
        },
        "end": {
          "line": 2,
          "column": 23
        }
      },
      "1": {
        "start": {
          "line": 2,
          "column": 31
        },
        "end": {
          "line": 2,
          "column": 45
        }
      },
      "2": {
        "start": {
          "line": 4,
          "column": 20
        },
        "end": {
          "line": 4,
          "column": 35
        }
      },
      "3": {
        "start": {
          "line": 6,
          "column": 2
        },
        "end": {
          "line": 6,
          "column": 7
        }
      },
      "4": {
        "start": {
          "line": 7,
          "column": 26
        },
        "end": {
          "line": 7,
          "column": 40
        }
      },
      "5": {
        "start": {
          "line": 8,
          "column": 32
        },
        "end": {
          "line": 8,
          "column": 46
        }
      },
      "6": {
        "start": {
          "line": 9,
          "column": 2
        },
        "end": {
          "line": 25,
          "column": 9
        }
      },
      "7": {
        "start": {
          "line": 10,
          "column": 25
        },
        "end": {
          "line": 23,
          "column": 5
        }
      },
      "8": {
        "start": {
          "line": 11,
          "column": 6
        },
        "end": {
          "line": 21,
          "column": 7
        }
      },
      "9": {
        "start": {
          "line": 12,
          "column": 20
        },
        "end": {
          "line": 15,
          "column": 10
        }
      },
      "10": {
        "start": {
          "line": 16,
          "column": 8
        },
        "end": {
          "line": 19,
          "column": 9
        }
      },
      "11": {
        "start": {
          "line": 17,
          "column": 27
        },
        "end": {
          "line": 17,
          "column": 43
        }
      },
      "12": {
        "start": {
          "line": 18,
          "column": 10
        },
        "end": {
          "line": 18,
          "column": 28
        }
      },
      "13": {
        "start": {
          "line": 22,
          "column": 6
        },
        "end": {
          "line": 22,
          "column": 24
        }
      },
      "14": {
        "start": {
          "line": 24,
          "column": 4
        },
        "end": {
          "line": 24,
          "column": 19
        }
      },
      "15": {
        "start": {
          "line": 26,
          "column": 16
        },
        "end": {
          "line": 40,
          "column": 3
        }
      },
      "16": {
        "start": {
          "line": 27,
          "column": 16
        },
        "end": {
          "line": 32,
          "column": 6
        }
      },
      "17": {
        "start": {
          "line": 33,
          "column": 4
        },
        "end": {
          "line": 36,
          "column": 5
        }
      },
      "18": {
        "start": {
          "line": 34,
          "column": 22
        },
        "end": {
          "line": 34,
          "column": 38
        }
      },
      "19": {
        "start": {
          "line": 35,
          "column": 6
        },
        "end": {
          "line": 35,
          "column": 64
        }
      },
      "20": {
        "start": {
          "line": 37,
          "column": 17
        },
        "end": {
          "line": 37,
          "column": 33
        }
      },
      "21": {
        "start": {
          "line": 38,
          "column": 4
        },
        "end": {
          "line": 38,
          "column": 23
        }
      },
      "22": {
        "start": {
          "line": 39,
          "column": 4
        },
        "end": {
          "line": 39,
          "column": 21
        }
      },
      "23": {
        "start": {
          "line": 41,
          "column": 17
        },
        "end": {
          "line": 55,
          "column": 3
        }
      },
      "24": {
        "start": {
          "line": 42,
          "column": 16
        },
        "end": {
          "line": 47,
          "column": 6
        }
      },
      "25": {
        "start": {
          "line": 48,
          "column": 4
        },
        "end": {
          "line": 51,
          "column": 5
        }
      },
      "26": {
        "start": {
          "line": 49,
          "column": 22
        },
        "end": {
          "line": 49,
          "column": 38
        }
      },
      "27": {
        "start": {
          "line": 50,
          "column": 6
        },
        "end": {
          "line": 50,
          "column": 58
        }
      },
      "28": {
        "start": {
          "line": 52,
          "column": 17
        },
        "end": {
          "line": 52,
          "column": 33
        }
      },
      "29": {
        "start": {
          "line": 53,
          "column": 4
        },
        "end": {
          "line": 53,
          "column": 23
        }
      },
      "30": {
        "start": {
          "line": 54,
          "column": 4
        },
        "end": {
          "line": 54,
          "column": 21
        }
      },
      "31": {
        "start": {
          "line": 56,
          "column": 17
        },
        "end": {
          "line": 62,
          "column": 3
        }
      },
      "32": {
        "start": {
          "line": 57,
          "column": 4
        },
        "end": {
          "line": 60,
          "column": 7
        }
      },
      "33": {
        "start": {
          "line": 61,
          "column": 4
        },
        "end": {
          "line": 61,
          "column": 18
        }
      },
      "34": {
        "start": {
          "line": 63,
          "column": 21
        },
        "end": {
          "line": 66,
          "column": 3
        }
      },
      "35": {
        "start": {
          "line": 64,
          "column": 4
        },
        "end": {
          "line": 64,
          "column": 49
        }
      },
      "36": {
        "start": {
          "line": 64,
          "column": 23
        },
        "end": {
          "line": 64,
          "column": 46
        }
      },
      "37": {
        "start": {
          "line": 65,
          "column": 4
        },
        "end": {
          "line": 65,
          "column": 48
        }
      },
      "38": {
        "start": {
          "line": 67,
          "column": 2
        },
        "end": {
          "line": 89,
          "column": 4
        }
      },
      "39": {
        "start": {
          "line": 91,
          "column": 0
        },
        "end": {
          "line": 91,
          "column": 49
        }
      },
      "40": {
        "start": {
          "line": 92,
          "column": 0
        },
        "end": {
          "line": 92,
          "column": 18
        }
      },
      "41": {
        "start": {
          "line": 93,
          "column": 23
        },
        "end": {
          "line": 96,
          "column": 1
        }
      },
      "42": {
        "start": {
          "line": 94,
          "column": 2
        },
        "end": {
          "line": 94,
          "column": 8
        }
      },
      "43": {
        "start": {
          "line": 95,
          "column": 2
        },
        "end": {
          "line": 95,
          "column": 33
        }
      },
      "44": {
        "start": {
          "line": 97,
          "column": 0
        },
        "end": {
          "line": 97,
          "column": 45
        }
      },
      "45": {
        "start": {
          "line": 99,
          "column": 0
        },
        "end": {
          "line": 99,
          "column": 33
        }
      },
      "46": {
        "start": {
          "line": 101,
          "column": 20
        },
        "end": {
          "line": 101,
          "column": 97
        }
      },
      "47": {
        "start": {
          "line": 102,
          "column": 0
        },
        "end": {
          "line": 116,
          "column": 1
        }
      },
      "48": {
        "start": {
          "line": 103,
          "column": 2
        },
        "end": {
          "line": 107,
          "column": 3
        }
      },
      "49": {
        "start": {
          "line": 104,
          "column": 4
        },
        "end": {
          "line": 106,
          "column": 6
        }
      },
      "50": {
        "start": {
          "line": 108,
          "column": 2
        },
        "end": {
          "line": 115,
          "column": 5
        }
      },
      "51": {
        "start": {
          "line": 109,
          "column": 4
        },
        "end": {
          "line": 109,
          "column": 125
        }
      },
      "52": {
        "start": {
          "line": 110,
          "column": 4
        },
        "end": {
          "line": 114,
          "column": 7
        }
      },
      "53": {
        "start": {
          "line": 111,
          "column": 6
        },
        "end": {
          "line": 111,
          "column": 31
        }
      },
      "54": {
        "start": {
          "line": 111,
          "column": 24
        },
        "end": {
          "line": 111,
          "column": 31
        }
      },
      "55": {
        "start": {
          "line": 112,
          "column": 32
        },
        "end": {
          "line": 112,
          "column": 174
        }
      },
      "56": {
        "start": {
          "line": 113,
          "column": 6
        },
        "end": {
          "line": 113,
          "column": 75
        }
      },
      "57": {
        "start": {
          "line": 113,
          "column": 29
        },
        "end": {
          "line": 113,
          "column": 75
        }
      },
      "58": {
        "start": {
          "line": 118,
          "column": 2
        },
        "end": {
          "line": 118,
          "column": 104
        }
      },
      "59": {
        "start": {
          "line": 121,
          "column": 2
        },
        "end": {
          "line": 121,
          "column": 62
        }
      }
    },
    "fnMap": {
      "0": {
        "name": "AuthProvider",
        "decl": {
          "start": {
            "line": 5,
            "column": 16
          },
          "end": {
            "line": 5,
            "column": 28
          }
        },
        "loc": {
          "start": {
            "line": 5,
            "column": 43
          },
          "end": {
            "line": 90,
            "column": 1
          }
        },
        "line": 5
      },
      "1": {
        "name": "(anonymous_1)",
        "decl": {
          "start": {
            "line": 9,
            "column": 12
          },
          "end": {
            "line": 9,
            "column": 13
          }
        },
        "loc": {
          "start": {
            "line": 9,
            "column": 18
          },
          "end": {
            "line": 25,
            "column": 3
          }
        },
        "line": 9
      },
      "2": {
        "name": "(anonymous_2)",
        "decl": {
          "start": {
            "line": 10,
            "column": 25
          },
          "end": {
            "line": 10,
            "column": 26
          }
        },
        "loc": {
          "start": {
            "line": 10,
            "column": 37
          },
          "end": {
            "line": 23,
            "column": 5
          }
        },
        "line": 10
      },
      "3": {
        "name": "(anonymous_3)",
        "decl": {
          "start": {
            "line": 26,
            "column": 16
          },
          "end": {
            "line": 26,
            "column": 17
          }
        },
        "loc": {
          "start": {
            "line": 26,
            "column": 43
          },
          "end": {
            "line": 40,
            "column": 3
          }
        },
        "line": 26
      },
      "4": {
        "name": "(anonymous_4)",
        "decl": {
          "start": {
            "line": 41,
            "column": 17
          },
          "end": {
            "line": 41,
            "column": 18
          }
        },
        "loc": {
          "start": {
            "line": 41,
            "column": 54
          },
          "end": {
            "line": 55,
            "column": 3
          }
        },
        "line": 41
      },
      "5": {
        "name": "(anonymous_5)",
        "decl": {
          "start": {
            "line": 56,
            "column": 17
          },
          "end": {
            "line": 56,
            "column": 18
          }
        },
        "loc": {
          "start": {
            "line": 56,
            "column": 29
          },
          "end": {
            "line": 62,
            "column": 3
          }
        },
        "line": 56
      },
      "6": {
        "name": "(anonymous_6)",
        "decl": {
          "start": {
            "line": 63,
            "column": 21
          },
          "end": {
            "line": 63,
            "column": 22
          }
        },
        "loc": {
          "start": {
            "line": 63,
            "column": 34
          },
          "end": {
            "line": 66,
            "column": 3
          }
        },
        "line": 63
      },
      "7": {
        "name": "(anonymous_7)",
        "decl": {
          "start": {
            "line": 64,
            "column": 12
          },
          "end": {
            "line": 64,
            "column": 13
          }
        },
        "loc": {
          "start": {
            "line": 64,
            "column": 23
          },
          "end": {
            "line": 64,
            "column": 46
          }
        },
        "line": 64
      },
      "8": {
        "name": "(anonymous_8)",
        "decl": {
          "start": {
            "line": 93,
            "column": 23
          },
          "end": {
            "line": 93,
            "column": 24
          }
        },
        "loc": {
          "start": {
            "line": 93,
            "column": 29
          },
          "end": {
            "line": 96,
            "column": 1
          }
        },
        "line": 93
      },
      "9": {
        "name": "(anonymous_9)",
        "decl": {
          "start": {
            "line": 108,
            "column": 52
          },
          "end": {
            "line": 108,
            "column": 53
          }
        },
        "loc": {
          "start": {
            "line": 108,
            "column": 72
          },
          "end": {
            "line": 115,
            "column": 3
          }
        },
        "line": 108
      },
      "10": {
        "name": "(anonymous_10)",
        "decl": {
          "start": {
            "line": 110,
            "column": 27
          },
          "end": {
            "line": 110,
            "column": 28
          }
        },
        "loc": {
          "start": {
            "line": 110,
            "column": 44
          },
          "end": {
            "line": 114,
            "column": 5
          }
        },
        "line": 110
      },
      "11": {
        "name": "$RefreshReg$",
        "decl": {
          "start": {
            "line": 117,
            "column": 9
          },
          "end": {
            "line": 117,
            "column": 21
          }
        },
        "loc": {
          "start": {
            "line": 117,
            "column": 32
          },
          "end": {
            "line": 119,
            "column": 1
          }
        },
        "line": 117
      },
      "12": {
        "name": "$RefreshSig$",
        "decl": {
          "start": {
            "line": 120,
            "column": 9
          },
          "end": {
            "line": 120,
            "column": 21
          }
        },
        "loc": {
          "start": {
            "line": 120,
            "column": 24
          },
          "end": {
            "line": 122,
            "column": 1
          }
        },
        "line": 120
      }
    },
    "branchMap": {
      "0": {
        "loc": {
          "start": {
            "line": 16,
            "column": 8
          },
          "end": {
            "line": 19,
            "column": 9
          }
        },
        "type": "if",
        "locations": [
          {
            "start": {
              "line": 16,
              "column": 8
            },
            "end": {
              "line": 19,
              "column": 9
            }
          },
          {
            "start": {},
            "end": {}
          }
        ],
        "line": 16
      },
      "1": {
        "loc": {
          "start": {
            "line": 33,
            "column": 4
          },
          "end": {
            "line": 36,
            "column": 5
          }
        },
        "type": "if",
        "locations": [
          {
            "start": {
              "line": 33,
              "column": 4
            },
            "end": {
              "line": 36,
              "column": 5
            }
          },
          {
            "start": {},
            "end": {}
          }
        ],
        "line": 33
      },
      "2": {
        "loc": {
          "start": {
            "line": 35,
            "column": 22
          },
          "end": {
            "line": 35,
            "column": 62
          }
        },
        "type": "binary-expr",
        "locations": [
          {
            "start": {
              "line": 35,
              "column": 22
            },
            "end": {
              "line": 35,
              "column": 37
            }
          },
          {
            "start": {
              "line": 35,
              "column": 41
            },
            "end": {
              "line": 35,
              "column": 62
            }
          }
        ],
        "line": 35
      },
      "3": {
        "loc": {
          "start": {
            "line": 48,
            "column": 4
          },
          "end": {
            "line": 51,
            "column": 5
          }
        },
        "type": "if",
        "locations": [
          {
            "start": {
              "line": 48,
              "column": 4
            },
            "end": {
              "line": 51,
              "column": 5
            }
          },
          {
            "start": {},
            "end": {}
          }
        ],
        "line": 48
      },
      "4": {
        "loc": {
          "start": {
            "line": 50,
            "column": 22
          },
          "end": {
            "line": 50,
            "column": 56
          }
        },
        "type": "binary-expr",
        "locations": [
          {
            "start": {
              "line": 50,
              "column": 22
            },
            "end": {
              "line": 50,
              "column": 37
            }
          },
          {
            "start": {
              "line": 50,
              "column": 41
            },
            "end": {
              "line": 50,
              "column": 56
            }
          }
        ],
        "line": 50
      },
      "5": {
        "loc": {
          "start": {
            "line": 101,
            "column": 20
          },
          "end": {
            "line": 101,
            "column": 97
          }
        },
        "type": "binary-expr",
        "locations": [
          {
            "start": {
              "line": 101,
              "column": 20
            },
            "end": {
              "line": 101,
              "column": 60
            }
          },
          {
            "start": {
              "line": 101,
              "column": 64
            },
            "end": {
              "line": 101,
              "column": 97
            }
          }
        ],
        "line": 101
      },
      "6": {
        "loc": {
          "start": {
            "line": 102,
            "column": 0
          },
          "end": {
            "line": 116,
            "column": 1
          }
        },
        "type": "if",
        "locations": [
          {
            "start": {
              "line": 102,
              "column": 0
            },
            "end": {
              "line": 116,
              "column": 1
            }
          },
          {
            "start": {},
            "end": {}
          }
        ],
        "line": 102
      },
      "7": {
        "loc": {
          "start": {
            "line": 102,
            "column": 4
          },
          "end": {
            "line": 102,
            "column": 35
          }
        },
        "type": "binary-expr",
        "locations": [
          {
            "start": {
              "line": 102,
              "column": 4
            },
            "end": {
              "line": 102,
              "column": 19
            }
          },
          {
            "start": {
              "line": 102,
              "column": 23
            },
            "end": {
              "line": 102,
              "column": 35
            }
          }
        ],
        "line": 102
      },
      "8": {
        "loc": {
          "start": {
            "line": 103,
            "column": 2
          },
          "end": {
            "line": 107,
            "column": 3
          }
        },
        "type": "if",
        "locations": [
          {
            "start": {
              "line": 103,
              "column": 2
            },
            "end": {
              "line": 107,
              "column": 3
            }
          },
          {
            "start": {},
            "end": {}
          }
        ],
        "line": 103
      },
      "9": {
        "loc": {
          "start": {
            "line": 111,
            "column": 6
          },
          "end": {
            "line": 111,
            "column": 31
          }
        },
        "type": "if",
        "locations": [
          {
            "start": {
              "line": 111,
              "column": 6
            },
            "end": {
              "line": 111,
              "column": 31
            }
          },
          {
            "start": {},
            "end": {}
          }
        ],
        "line": 111
      },
      "10": {
        "loc": {
          "start": {
            "line": 113,
            "column": 6
          },
          "end": {
            "line": 113,
            "column": 75
          }
        },
        "type": "if",
        "locations": [
          {
            "start": {
              "line": 113,
              "column": 6
            },
            "end": {
              "line": 113,
              "column": 75
            }
          },
          {
            "start": {},
            "end": {}
          }
        ],
        "line": 113
      }
    },
    "s": {
      "0": 17,
      "1": 17,
      "2": 17,
      "3": 90,
      "4": 90,
      "5": 90,
      "6": 90,
      "7": 34,
      "8": 34,
      "9": 34,
      "10": 34,
      "11": 22,
      "12": 18,
      "13": 30,
      "14": 34,
      "15": 90,
      "16": 1,
      "17": 1,
      "18": 0,
      "19": 0,
      "20": 1,
      "21": 1,
      "22": 1,
      "23": 90,
      "24": 1,
      "25": 1,
      "26": 1,
      "27": 1,
      "28": 0,
      "29": 0,
      "30": 0,
      "31": 90,
      "32": 0,
      "33": 0,
      "34": 90,
      "35": 0,
      "36": 0,
      "37": 0,
      "38": 90,
      "39": 17,
      "40": 17,
      "41": 17,
      "42": 474,
      "43": 474,
      "44": 17,
      "45": 17,
      "46": 17,
      "47": 17,
      "48": 17,
      "49": 0,
      "50": 17,
      "51": 17,
      "52": 17,
      "53": 0,
      "54": 0,
      "55": 0,
      "56": 0,
      "57": 0,
      "58": 17,
      "59": 34
    },
    "f": {
      "0": 90,
      "1": 34,
      "2": 34,
      "3": 1,
      "4": 1,
      "5": 0,
      "6": 0,
      "7": 0,
      "8": 474,
      "9": 17,
      "10": 0,
      "11": 17,
      "12": 34
    },
    "b": {
      "0": [
        22,
        12
      ],
      "1": [
        0,
        1
      ],
      "2": [
        0,
        0
      ],
      "3": [
        1,
        0
      ],
      "4": [
        1,
        0
      ],
      "5": [
        17,
        0
      ],
      "6": [
        17,
        0
      ],
      "7": [
        17,
        17
      ],
      "8": [
        0,
        17
      ],
      "9": [
        0,
        0
      ],
      "10": [
        0,
        0
      ]
    },
    "inputSourceMap": {
      "version": 3,
      "mappings": "AA0EI;;AA1EJ,SAASA,UAAUC,WAAWC,eAAeC,kBAAkB;AAE/D,MAAMC,cAAcF,cAAc;AAE3B,gBAASG,aAAa,EAAEC,SAAS,GAAG;AAAAC,KAAA;AACzC,QAAM,CAACC,MAAMC,OAAO,IAAIT,SAAS,IAAI;AACrC,QAAM,CAACU,SAASC,UAAU,IAAIX,SAAS,IAAI;AAE3CC,YAAU,MAAM;AACd,UAAMW,eAAe,YAAY;AAC/B,UAAI;AACF,cAAMC,MAAM,MAAMC,MAAM,GAAGC,YAAYC,IAAIC,YAAY,gBAAgB;AAAA,UACrEC,aAAa;AAAA,UACbC,SAAS,EAAE,gBAAgB,mBAAmB;AAAA,QAChD,CAAC;AACD,YAAIN,IAAIO,IAAI;AACV,gBAAMC,WAAW,MAAMR,IAAIS,KAAK;AAChCb,kBAAQY,QAAQ;AAAA,QAClB;AAAA,MACF,QAAQ;AAAA,MAAC;AACTV,iBAAW,KAAK;AAAA,IAClB;AACAC,iBAAa;AAAA,EACf,GAAG,EAAE;AAEL,QAAMW,QAAQ,OAAOC,OAAOC,aAAa;AACvC,UAAMZ,MAAM,MAAMC,MAAM,GAAGC,YAAYC,IAAIC,YAAY,cAAc;AAAA,MACnES,QAAQ;AAAA,MACRP,SAAS,EAAE,gBAAgB,mBAAmB;AAAA,MAC9CD,aAAa;AAAA,MACbS,MAAMC,KAAKC,UAAU,EAAEL,OAAOC,SAAS,CAAC;AAAA,IAC1C,CAAC;AAED,QAAI,CAACZ,IAAIO,IAAI;AACX,YAAMU,UAAU,MAAMjB,IAAIS,KAAK;AAC/B,YAAM,IAAIS,MAAMD,QAAQE,WAAW,qBAAqB;AAAA,IAC1D;AAEA,UAAMC,OAAO,MAAMpB,IAAIS,KAAK;AAC5Bb,YAAQwB,KAAKzB,IAAI;AACjB,WAAOyB,KAAKzB;AAAAA,EACd;AAEA,QAAM0B,SAAS,OAAOC,UAAUX,OAAOC,aAAa;AAClD,UAAMZ,MAAM,MAAMC,MAAM,GAAGC,YAAYC,IAAIC,YAAY,iBAAiB;AAAA,MACtES,QAAQ;AAAA,MACRP,SAAS,EAAE,gBAAgB,mBAAmB;AAAA,MAC9CD,aAAa;AAAA,MACbS,MAAMC,KAAKC,UAAU,EAAEM,UAAUX,OAAOC,SAAS,CAAC;AAAA,IACpD,CAAC;AAED,QAAI,CAACZ,IAAIO,IAAI;AACX,YAAMU,UAAU,MAAMjB,IAAIS,KAAK;AAC/B,YAAM,IAAIS,MAAMD,QAAQE,WAAW,eAAe;AAAA,IACpD;AAEA,UAAMC,OAAO,MAAMpB,IAAIS,KAAK;AAC5Bb,YAAQwB,KAAKzB,IAAI;AACjB,WAAOyB,KAAKzB;AAAAA,EACd;AAEA,QAAM4B,SAAS,YAAY;AACzB,UAAMtB,MAAM,GAAGC,YAAYC,IAAIC,YAAY,eAAe;AAAA,MACxDS,QAAQ;AAAA,MACRR,aAAa;AAAA,IACf,CAAC;AACDT,YAAQ,IAAI;AAAA,EACd;AACA,QAAM4B,aAAaA,CAACC,YAAY;AAC9B7B,YAAQ,CAAC8B,UAAU,EAAE,GAAGA,MAAM,GAAGD,QAAQ,EAAE;AAC3CE,YAAQC,IAAI,0BAA0BjC,IAAI;AAAA,EAC5C;AAEA,SACE;AAAA,IAAC,YAAY;AAAA,IAAZ;AAAA,MACC,OAAO;AAAA,QACLA;AAAAA,QACAkC,iBAAiB,CAAC,CAAClC;AAAAA,QACnBe;AAAAA,QACAW;AAAAA,QACAE;AAAAA,QACAC;AAAAA,QACA3B;AAAAA,MACF;AAAA,MAECJ;AAAAA;AAAAA,IAXH;AAAA;AAAA;AAAA;AAAA;AAAA;AAAA;AAAA;AAAA,EAYA;AAEJ;AAACC,GApFeF,cAAY;AAAAsC,KAAZtC;AAsFT,aAAMuC,UAAUA,MAAA;AAAAC,MAAA;AAAA,SAAM1C,WAAWC,WAAW;AAAC;AAACyC,IAAxCD,SAAO;AAAA,IAAAD;AAAAG,aAAAH,IAAA",
      "names": [
        "useState",
        "useEffect",
        "createContext",
        "useContext",
        "AuthContext",
        "AuthProvider",
        "children",
        "_s",
        "user",
        "setUser",
        "loading",
        "setLoading",
        "fetchProfile",
        "res",
        "fetch",
        "import",
        "env",
        "VITE_API_URL",
        "credentials",
        "headers",
        "ok",
        "userData",
        "json",
        "login",
        "email",
        "password",
        "method",
        "body",
        "JSON",
        "stringify",
        "errData",
        "Error",
        "message",
        "data",
        "signup",
        "username",
        "logout",
        "updateUser",
        "newData",
        "prev",
        "console",
        "log",
        "isAuthenticated",
        "_c",
        "useAuth",
        "_s2",
        "$RefreshReg$"
      ],
      "ignoreList": [],
      "sources": [
        "C:/uni/Wish/frontend/wishlist-app/src/hooks/useAuth.jsx"
      ],
      "file": "C:/uni/Wish/frontend/wishlist-app/src/hooks/useAuth.jsx"
    },
    "_coverageSchema": "1a1c01bbd47fc00a2c39e90264f33305004495a9",
    "hash": "e6586fa9b07ddc7881e07cf112befddc8f539514"
  },
  "C:/uni/Wish/frontend/wishlist-app/src/components/Header.jsx": {
    "path": "C:/uni/Wish/frontend/wishlist-app/src/components/Header.jsx",
    "statementMap": {
      "0": {
        "start": {
          "line": 2,
          "column": 9
        },
        "end": {
          "line": 2,
          "column": 23
        }
      },
      "1": {
        "start": {
          "line": 8,
          "column": 2
        },
        "end": {
          "line": 8,
          "column": 7
        }
      },
      "2": {
        "start": {
          "line": 9,
          "column": 63
        },
        "end": {
          "line": 9,
          "column": 78
        }
      },
      "3": {
        "start": {
          "line": 10,
          "column": 19
        },
        "end": {
          "line": 10,
          "column": 32
        }
      },
      "4": {
        "start": {
          "line": 11,
          "column": 2
        },
        "end": {
          "line": 14,
          "column": 3
        }
      },
      "5": {
        "start": {
          "line": 12,
          "column": 4
        },
        "end": {
          "line": 12,
          "column": 43
        }
      },
      "6": {
        "start": {
          "line": 13,
          "column": 4
        },
        "end": {
          "line": 13,
          "column": 16
        }
      },
      "7": {
        "start": {
          "line": 15,
          "column": 23
        },
        "end": {
          "line": 19,
          "column": 3
        }
      },
      "8": {
        "start": {
          "line": 16,
          "column": 4
        },
        "end": {
          "line": 16,
          "column": 23
        }
      },
      "9": {
        "start": {
          "line": 17,
          "column": 4
        },
        "end": {
          "line": 17,
          "column": 13
        }
      },
      "10": {
        "start": {
          "line": 18,
          "column": 4
        },
        "end": {
          "line": 18,
          "column": 18
        }
      },
      "11": {
        "start": {
          "line": 20,
          "column": 2
        },
        "end": {
          "line": 20,
          "column": 44
        }
      },
      "12": {
        "start": {
          "line": 21,
          "column": 2
        },
        "end": {
          "line": 24,
          "column": 4
        }
      },
      "13": {
        "start": {
          "line": 25,
          "column": 2
        },
        "end": {
          "line": 97,
          "column": 11
        }
      },
      "14": {
        "start": {
          "line": 99,
          "column": 0
        },
        "end": {
          "line": 101,
          "column": 3
        }
      },
      "15": {
        "start": {
          "line": 100,
          "column": 2
        },
        "end": {
          "line": 100,
          "column": 32
        }
      },
      "16": {
        "start": {
          "line": 102,
          "column": 0
        },
        "end": {
          "line": 102,
          "column": 12
        }
      },
      "17": {
        "start": {
          "line": 104,
          "column": 0
        },
        "end": {
          "line": 104,
          "column": 27
        }
      },
      "18": {
        "start": {
          "line": 106,
          "column": 20
        },
        "end": {
          "line": 106,
          "column": 97
        }
      },
      "19": {
        "start": {
          "line": 107,
          "column": 0
        },
        "end": {
          "line": 121,
          "column": 1
        }
      },
      "20": {
        "start": {
          "line": 108,
          "column": 2
        },
        "end": {
          "line": 112,
          "column": 3
        }
      },
      "21": {
        "start": {
          "line": 109,
          "column": 4
        },
        "end": {
          "line": 111,
          "column": 6
        }
      },
      "22": {
        "start": {
          "line": 113,
          "column": 2
        },
        "end": {
          "line": 120,
          "column": 5
        }
      },
      "23": {
        "start": {
          "line": 114,
          "column": 4
        },
        "end": {
          "line": 114,
          "column": 129
        }
      },
      "24": {
        "start": {
          "line": 115,
          "column": 4
        },
        "end": {
          "line": 119,
          "column": 7
        }
      },
      "25": {
        "start": {
          "line": 116,
          "column": 6
        },
        "end": {
          "line": 116,
          "column": 31
        }
      },
      "26": {
        "start": {
          "line": 116,
          "column": 24
        },
        "end": {
          "line": 116,
          "column": 31
        }
      },
      "27": {
        "start": {
          "line": 117,
          "column": 32
        },
        "end": {
          "line": 117,
          "column": 178
        }
      },
      "28": {
        "start": {
          "line": 118,
          "column": 6
        },
        "end": {
          "line": 118,
          "column": 75
        }
      },
      "29": {
        "start": {
          "line": 118,
          "column": 29
        },
        "end": {
          "line": 118,
          "column": 75
        }
      },
      "30": {
        "start": {
          "line": 123,
          "column": 2
        },
        "end": {
          "line": 123,
          "column": 108
        }
      },
      "31": {
        "start": {
          "line": 126,
          "column": 2
        },
        "end": {
          "line": 126,
          "column": 62
        }
      }
    },
    "fnMap": {
      "0": {
        "name": "Header",
        "decl": {
          "start": {
            "line": 7,
            "column": 24
          },
          "end": {
            "line": 7,
            "column": 30
          }
        },
        "loc": {
          "start": {
            "line": 7,
            "column": 33
          },
          "end": {
            "line": 98,
            "column": 1
          }
        },
        "line": 7
      },
      "1": {
        "name": "(anonymous_1)",
        "decl": {
          "start": {
            "line": 15,
            "column": 23
          },
          "end": {
            "line": 15,
            "column": 24
          }
        },
        "loc": {
          "start": {
            "line": 15,
            "column": 30
          },
          "end": {
            "line": 19,
            "column": 3
          }
        },
        "line": 15
      },
      "2": {
        "name": "(anonymous_2)",
        "decl": {
          "start": {
            "line": 99,
            "column": 50
          },
          "end": {
            "line": 99,
            "column": 51
          }
        },
        "loc": {
          "start": {
            "line": 99,
            "column": 61
          },
          "end": {
            "line": 101,
            "column": 1
          }
        },
        "line": 99
      },
      "3": {
        "name": "(anonymous_3)",
        "decl": {
          "start": {
            "line": 113,
            "column": 52
          },
          "end": {
            "line": 113,
            "column": 53
          }
        },
        "loc": {
          "start": {
            "line": 113,
            "column": 72
          },
          "end": {
            "line": 120,
            "column": 3
          }
        },
        "line": 113
      },
      "4": {
        "name": "(anonymous_4)",
        "decl": {
          "start": {
            "line": 115,
            "column": 27
          },
          "end": {
            "line": 115,
            "column": 28
          }
        },
        "loc": {
          "start": {
            "line": 115,
            "column": 44
          },
          "end": {
            "line": 119,
            "column": 5
          }
        },
        "line": 115
      },
      "5": {
        "name": "$RefreshReg$",
        "decl": {
          "start": {
            "line": 122,
            "column": 9
          },
          "end": {
            "line": 122,
            "column": 21
          }
        },
        "loc": {
          "start": {
            "line": 122,
            "column": 32
          },
          "end": {
            "line": 124,
            "column": 1
          }
        },
        "line": 122
      },
      "6": {
        "name": "$RefreshSig$",
        "decl": {
          "start": {
            "line": 125,
            "column": 9
          },
          "end": {
            "line": 125,
            "column": 21
          }
        },
        "loc": {
          "start": {
            "line": 125,
            "column": 24
          },
          "end": {
            "line": 127,
            "column": 1
          }
        },
        "line": 125
      }
    },
    "branchMap": {
      "0": {
        "loc": {
          "start": {
            "line": 9,
            "column": 63
          },
          "end": {
            "line": 9,
            "column": 78
          }
        },
        "type": "binary-expr",
        "locations": [
          {
            "start": {
              "line": 9,
              "column": 63
            },
            "end": {
              "line": 9,
              "column": 72
            }
          },
          {
            "start": {
              "line": 9,
              "column": 76
            },
            "end": {
              "line": 9,
              "column": 78
            }
          }
        ],
        "line": 9
      },
      "1": {
        "loc": {
          "start": {
            "line": 11,
            "column": 2
          },
          "end": {
            "line": 14,
            "column": 3
          }
        },
        "type": "if",
        "locations": [
          {
            "start": {
              "line": 11,
              "column": 2
            },
            "end": {
              "line": 14,
              "column": 3
            }
          },
          {
            "start": {},
            "end": {}
          }
        ],
        "line": 11
      },
      "2": {
        "loc": {
          "start": {
            "line": 39,
            "column": 69
          },
          "end": {
            "line": 88,
            "column": 12
          }
        },
        "type": "cond-expr",
        "locations": [
          {
            "start": {
              "line": 39,
              "column": 103
            },
            "end": {
              "line": 73,
              "column": 12
            }
          },
          {
            "start": {
              "line": 73,
              "column": 31
            },
            "end": {
              "line": 88,
              "column": 12
            }
          }
        ],
        "line": 39
      },
      "3": {
        "loc": {
          "start": {
            "line": 45,
            "column": 84
          },
          "end": {
            "line": 64,
            "column": 14
          }
        },
        "type": "cond-expr",
        "locations": [
          {
            "start": {
              "line": 45,
              "column": 119
            },
            "end": {
              "line": 60,
              "column": 7
            }
          },
          {
            "start": {
              "line": 60,
              "column": 26
            },
            "end": {
              "line": 64,
              "column": 14
            }
          }
        ],
        "line": 45
      },
      "4": {
        "loc": {
          "start": {
            "line": 106,
            "column": 20
          },
          "end": {
            "line": 106,
            "column": 97
          }
        },
        "type": "binary-expr",
        "locations": [
          {
            "start": {
              "line": 106,
              "column": 20
            },
            "end": {
              "line": 106,
              "column": 60
            }
          },
          {
            "start": {
              "line": 106,
              "column": 64
            },
            "end": {
              "line": 106,
              "column": 97
            }
          }
        ],
        "line": 106
      },
      "5": {
        "loc": {
          "start": {
            "line": 107,
            "column": 0
          },
          "end": {
            "line": 121,
            "column": 1
          }
        },
        "type": "if",
        "locations": [
          {
            "start": {
              "line": 107,
              "column": 0
            },
            "end": {
              "line": 121,
              "column": 1
            }
          },
          {
            "start": {},
            "end": {}
          }
        ],
        "line": 107
      },
      "6": {
        "loc": {
          "start": {
            "line": 107,
            "column": 4
          },
          "end": {
            "line": 107,
            "column": 35
          }
        },
        "type": "binary-expr",
        "locations": [
          {
            "start": {
              "line": 107,
              "column": 4
            },
            "end": {
              "line": 107,
              "column": 19
            }
          },
          {
            "start": {
              "line": 107,
              "column": 23
            },
            "end": {
              "line": 107,
              "column": 35
            }
          }
        ],
        "line": 107
      },
      "7": {
        "loc": {
          "start": {
            "line": 108,
            "column": 2
          },
          "end": {
            "line": 112,
            "column": 3
          }
        },
        "type": "if",
        "locations": [
          {
            "start": {
              "line": 108,
              "column": 2
            },
            "end": {
              "line": 112,
              "column": 3
            }
          },
          {
            "start": {},
            "end": {}
          }
        ],
        "line": 108
      },
      "8": {
        "loc": {
          "start": {
            "line": 116,
            "column": 6
          },
          "end": {
            "line": 116,
            "column": 31
          }
        },
        "type": "if",
        "locations": [
          {
            "start": {
              "line": 116,
              "column": 6
            },
            "end": {
              "line": 116,
              "column": 31
            }
          },
          {
            "start": {},
            "end": {}
          }
        ],
        "line": 116
      },
      "9": {
        "loc": {
          "start": {
            "line": 118,
            "column": 6
          },
          "end": {
            "line": 118,
            "column": 75
          }
        },
        "type": "if",
        "locations": [
          {
            "start": {
              "line": 118,
              "column": 6
            },
            "end": {
              "line": 118,
              "column": 75
            }
          },
          {
            "start": {},
            "end": {}
          }
        ],
        "line": 118
      }
    },
    "s": {
      "0": 17,
      "1": 78,
      "2": 78,
      "3": 78,
      "4": 78,
      "5": 34,
      "6": 34,
      "7": 44,
      "8": 0,
      "9": 0,
      "10": 0,
      "11": 44,
      "12": 44,
      "13": 44,
      "14": 17,
      "15": 17,
      "16": 17,
      "17": 17,
      "18": 17,
      "19": 17,
      "20": 17,
      "21": 0,
      "22": 17,
      "23": 17,
      "24": 17,
      "25": 0,
      "26": 0,
      "27": 0,
      "28": 0,
      "29": 0,
      "30": 17,
      "31": 17
    },
    "f": {
      "0": 78,
      "1": 0,
      "2": 17,
      "3": 17,
      "4": 0,
      "5": 17,
      "6": 17
    },
    "b": {
      "0": [
        78,
        0
      ],
      "1": [
        34,
        44
      ],
      "2": [
        16,
        28
      ],
      "3": [
        0,
        16
      ],
      "4": [
        17,
        0
      ],
      "5": [
        17,
        0
      ],
      "6": [
        17,
        17
      ],
      "7": [
        0,
        17
      ],
      "8": [
        0,
        0
      ],
      "9": [
        0,
        0
      ]
    },
    "inputSourceMap": {
      "version": 3,
      "mappings": "AA6BU,SAMA,UANA;;AA7BV,SAASA,MAAMC,mBAAmB;AAClC,OAAOC,YAAY;AACnB,OAAOC,UAAU;AACjB,SAASC,eAAe;AAExB,wBAAwBC,SAAS;AAAAC,KAAA;AAC/B,QAAM,EAAEC,MAAMC,UAAUC,iBAAiBC,QAAQC,QAAQ,IAAIP,QAAQ,KAAK,CAAC;AAC3E,QAAMQ,WAAWX,YAAY;AAE7B,MAAIU,SAAS;AACXE,YAAQC,IAAI,yBAAyB;AACrC,WAAO;AAAA,EACT;AAEA,QAAMC,eAAeA,CAACC,MAAM;AAC1BA,MAAEC,eAAe;AACjBP,WAAO;AACPE,aAAS,GAAG;AAAA,EACd;AACAC,UAAQC,IAAI,oBAAoBN,QAAQ;AACxCK,UAAQC;AAAAA,IACN;AAAA,IACA,GAAGI,YAAYC,IAAIC,YAAY,GAAGZ,UAAUa,MAAM;AAAA,EACpD;AAEA,SACE,uBAAC,YAAO,WAAWnB,OAAOoB,QACxB;AAAA,2BAAC,SAAI,WAAWpB,OAAOC,MACrB,iCAAC,QAAK,IAAG,KACP,iCAAC,SAAI,KAAKA,MAAM,KAAI,aAAY,WAAWD,OAAOqB,aAAlD;AAAA;AAAA;AAAA;AAAA,WAA4D,KAD9D;AAAA;AAAA;AAAA;AAAA,WAEA,KAHF;AAAA;AAAA;AAAA;AAAA,WAIA;AAAA,IAEA,uBAAC,SAAI,WAAWrB,OAAOsB,KACpBf,4BACC,mCACE;AAAA,6BAAC,QAAK,IAAG,KAAI,SAASM,cAAc,WAAWb,OAAOuB,SAAS,sBAA/D;AAAA;AAAA;AAAA;AAAA,aAEA;AAAA,MAEA,uBAAC,QAAK,IAAG,SAAQ,WAAWvB,OAAOwB,MAChClB,oBAAUa,SACT;AAAA,QAAC;AAAA;AAAA,UACC,KAAK,GAAGH,YAAYC,IAAIC,YAAY,GAAGZ,SAASa,MAAM;AAAA,UACtD,KAAI;AAAA,UACJ,WAAWnB,OAAOyB;AAAAA;AAAAA,QAHpB;AAAA;AAAA;AAAA;AAAA;AAAA;AAAA;AAAA;AAAA,MAGgC,IAGhC,uBAAC,UAAK,WAAWzB,OAAO0B,eAAxB;AAAA;AAAA;AAAA;AAAA,aAAqC,KARzC;AAAA;AAAA;AAAA;AAAA,aAUA;AAAA,SAfF;AAAA;AAAA;AAAA;AAAA,WAgBA,IAEA,mCACE;AAAA,6BAAC,QAAK,IAAG,SAAQ,WAAW1B,OAAOuB,SAAS,qBAA5C;AAAA;AAAA;AAAA;AAAA,aAEA;AAAA,MACA,uBAAC,QAAK,IAAG,SAAQ,WAAWvB,OAAOuB,SAAS,uBAA5C;AAAA;AAAA;AAAA;AAAA,aAEA;AAAA,SANF;AAAA;AAAA;AAAA;AAAA,WAOA,KA3BJ;AAAA;AAAA;AAAA;AAAA,WA6BA;AAAA,OApCF;AAAA;AAAA;AAAA;AAAA,SAqCA;AAEJ;AAACnB,GA5DuBD,QAAM;AAAA,UACiCD,SAC5CH,WAAW;AAAA;AAAA4B,KAFNxB;AAAM,IAAAwB;AAAAC,aAAAD,IAAA",
      "names": [
        "Link",
        "useNavigate",
        "styles",
        "logo",
        "useAuth",
        "Header",
        "_s",
        "user",
        "authUser",
        "isAuthenticated",
        "logout",
        "loading",
        "navigate",
        "console",
        "log",
        "handleLogout",
        "e",
        "preventDefault",
        "import",
        "env",
        "VITE_API_URL",
        "avatar",
        "header",
        "logoImage",
        "nav",
        "navLink",
        "icon",
        "avatarImage",
        "placeholder",
        "_c",
        "$RefreshReg$"
      ],
      "ignoreList": [],
      "sources": [
        "C:/uni/Wish/frontend/wishlist-app/src/components/Header.jsx"
      ],
      "file": "C:/uni/Wish/frontend/wishlist-app/src/components/Header.jsx"
    },
    "_coverageSchema": "1a1c01bbd47fc00a2c39e90264f33305004495a9",
    "hash": "a509858210406dcffb29a443742c9fe89ecb6e1c"
  },
  "C:/uni/Wish/frontend/wishlist-app/src/components/Footer.jsx": {
    "path": "C:/uni/Wish/frontend/wishlist-app/src/components/Footer.jsx",
    "statementMap": {
      "0": {
        "start": {
          "line": 4,
          "column": 2
        },
        "end": {
          "line": 12,
          "column": 11
        }
      },
      "1": {
        "start": {
          "line": 14,
          "column": 0
        },
        "end": {
          "line": 14,
          "column": 12
        }
      },
      "2": {
        "start": {
          "line": 16,
          "column": 0
        },
        "end": {
          "line": 16,
          "column": 27
        }
      },
      "3": {
        "start": {
          "line": 18,
          "column": 20
        },
        "end": {
          "line": 18,
          "column": 97
        }
      },
      "4": {
        "start": {
          "line": 19,
          "column": 0
        },
        "end": {
          "line": 33,
          "column": 1
        }
      },
      "5": {
        "start": {
          "line": 20,
          "column": 2
        },
        "end": {
          "line": 24,
          "column": 3
        }
      },
      "6": {
        "start": {
          "line": 21,
          "column": 4
        },
        "end": {
          "line": 23,
          "column": 6
        }
      },
      "7": {
        "start": {
          "line": 25,
          "column": 2
        },
        "end": {
          "line": 32,
          "column": 5
        }
      },
      "8": {
        "start": {
          "line": 26,
          "column": 4
        },
        "end": {
          "line": 26,
          "column": 129
        }
      },
      "9": {
        "start": {
          "line": 27,
          "column": 4
        },
        "end": {
          "line": 31,
          "column": 7
        }
      },
      "10": {
        "start": {
          "line": 28,
          "column": 6
        },
        "end": {
          "line": 28,
          "column": 31
        }
      },
      "11": {
        "start": {
          "line": 28,
          "column": 24
        },
        "end": {
          "line": 28,
          "column": 31
        }
      },
      "12": {
        "start": {
          "line": 29,
          "column": 32
        },
        "end": {
          "line": 29,
          "column": 178
        }
      },
      "13": {
        "start": {
          "line": 30,
          "column": 6
        },
        "end": {
          "line": 30,
          "column": 75
        }
      },
      "14": {
        "start": {
          "line": 30,
          "column": 29
        },
        "end": {
          "line": 30,
          "column": 75
        }
      },
      "15": {
        "start": {
          "line": 35,
          "column": 2
        },
        "end": {
          "line": 35,
          "column": 108
        }
      },
      "16": {
        "start": {
          "line": 38,
          "column": 2
        },
        "end": {
          "line": 38,
          "column": 62
        }
      }
    },
    "fnMap": {
      "0": {
        "name": "Footer",
        "decl": {
          "start": {
            "line": 3,
            "column": 24
          },
          "end": {
            "line": 3,
            "column": 30
          }
        },
        "loc": {
          "start": {
            "line": 3,
            "column": 33
          },
          "end": {
            "line": 13,
            "column": 1
          }
        },
        "line": 3
      },
      "1": {
        "name": "(anonymous_1)",
        "decl": {
          "start": {
            "line": 25,
            "column": 52
          },
          "end": {
            "line": 25,
            "column": 53
          }
        },
        "loc": {
          "start": {
            "line": 25,
            "column": 72
          },
          "end": {
            "line": 32,
            "column": 3
          }
        },
        "line": 25
      },
      "2": {
        "name": "(anonymous_2)",
        "decl": {
          "start": {
            "line": 27,
            "column": 27
          },
          "end": {
            "line": 27,
            "column": 28
          }
        },
        "loc": {
          "start": {
            "line": 27,
            "column": 44
          },
          "end": {
            "line": 31,
            "column": 5
          }
        },
        "line": 27
      },
      "3": {
        "name": "$RefreshReg$",
        "decl": {
          "start": {
            "line": 34,
            "column": 9
          },
          "end": {
            "line": 34,
            "column": 21
          }
        },
        "loc": {
          "start": {
            "line": 34,
            "column": 32
          },
          "end": {
            "line": 36,
            "column": 1
          }
        },
        "line": 34
      },
      "4": {
        "name": "$RefreshSig$",
        "decl": {
          "start": {
            "line": 37,
            "column": 9
          },
          "end": {
            "line": 37,
            "column": 21
          }
        },
        "loc": {
          "start": {
            "line": 37,
            "column": 24
          },
          "end": {
            "line": 39,
            "column": 1
          }
        },
        "line": 37
      }
    },
    "branchMap": {
      "0": {
        "loc": {
          "start": {
            "line": 18,
            "column": 20
          },
          "end": {
            "line": 18,
            "column": 97
          }
        },
        "type": "binary-expr",
        "locations": [
          {
            "start": {
              "line": 18,
              "column": 20
            },
            "end": {
              "line": 18,
              "column": 60
            }
          },
          {
            "start": {
              "line": 18,
              "column": 64
            },
            "end": {
              "line": 18,
              "column": 97
            }
          }
        ],
        "line": 18
      },
      "1": {
        "loc": {
          "start": {
            "line": 19,
            "column": 0
          },
          "end": {
            "line": 33,
            "column": 1
          }
        },
        "type": "if",
        "locations": [
          {
            "start": {
              "line": 19,
              "column": 0
            },
            "end": {
              "line": 33,
              "column": 1
            }
          },
          {
            "start": {},
            "end": {}
          }
        ],
        "line": 19
      },
      "2": {
        "loc": {
          "start": {
            "line": 19,
            "column": 4
          },
          "end": {
            "line": 19,
            "column": 35
          }
        },
        "type": "binary-expr",
        "locations": [
          {
            "start": {
              "line": 19,
              "column": 4
            },
            "end": {
              "line": 19,
              "column": 19
            }
          },
          {
            "start": {
              "line": 19,
              "column": 23
            },
            "end": {
              "line": 19,
              "column": 35
            }
          }
        ],
        "line": 19
      },
      "3": {
        "loc": {
          "start": {
            "line": 20,
            "column": 2
          },
          "end": {
            "line": 24,
            "column": 3
          }
        },
        "type": "if",
        "locations": [
          {
            "start": {
              "line": 20,
              "column": 2
            },
            "end": {
              "line": 24,
              "column": 3
            }
          },
          {
            "start": {},
            "end": {}
          }
        ],
        "line": 20
      },
      "4": {
        "loc": {
          "start": {
            "line": 28,
            "column": 6
          },
          "end": {
            "line": 28,
            "column": 31
          }
        },
        "type": "if",
        "locations": [
          {
            "start": {
              "line": 28,
              "column": 6
            },
            "end": {
              "line": 28,
              "column": 31
            }
          },
          {
            "start": {},
            "end": {}
          }
        ],
        "line": 28
      },
      "5": {
        "loc": {
          "start": {
            "line": 30,
            "column": 6
          },
          "end": {
            "line": 30,
            "column": 75
          }
        },
        "type": "if",
        "locations": [
          {
            "start": {
              "line": 30,
              "column": 6
            },
            "end": {
              "line": 30,
              "column": 75
            }
          },
          {
            "start": {},
            "end": {}
          }
        ],
        "line": 30
      }
    },
    "s": {
      "0": 34,
      "1": 17,
      "2": 17,
      "3": 17,
      "4": 17,
      "5": 17,
      "6": 0,
      "7": 17,
      "8": 17,
      "9": 17,
      "10": 0,
      "11": 0,
      "12": 0,
      "13": 0,
      "14": 0,
      "15": 17,
      "16": 0
    },
    "f": {
      "0": 34,
      "1": 17,
      "2": 0,
      "3": 17,
      "4": 0
    },
    "b": {
      "0": [
        17,
        0
      ],
      "1": [
        17,
        0
      ],
      "2": [
        17,
        17
      ],
      "3": [
        0,
        17
      ],
      "4": [
        0,
        0
      ],
      "5": [
        0,
        0
      ]
    },
    "inputSourceMap": {
      "version": 3,
      "mappings": "AAKM;AALN,OAAOA,YAAY;AAEnB,wBAAwBC,SAAS;AAC/B,SACE,uBAAC,YAAO,WAAWD,OAAOE,QACxB,iCAAC,OAAE,mCAAH;AAAA;AAAA;AAAA;AAAA,SAAsB,KADxB;AAAA;AAAA;AAAA;AAAA,SAEA;AAEJ;AAACC,KANuBF;AAAM,IAAAE;AAAAC,aAAAD,IAAA",
      "names": [
        "styles",
        "Footer",
        "footer",
        "_c",
        "$RefreshReg$"
      ],
      "ignoreList": [],
      "sources": [
        "C:/uni/Wish/frontend/wishlist-app/src/components/Footer.jsx"
      ],
      "file": "C:/uni/Wish/frontend/wishlist-app/src/components/Footer.jsx"
    },
    "_coverageSchema": "1a1c01bbd47fc00a2c39e90264f33305004495a9",
    "hash": "bdec397b4df269fe8c98e750046d39b86a7bd9f0"
  },
  "C:/uni/Wish/frontend/wishlist-app/src/components/BackgroundLogo.jsx": {
    "path": "C:/uni/Wish/frontend/wishlist-app/src/components/BackgroundLogo.jsx",
    "statementMap": {
      "0": {
        "start": {
          "line": 5,
          "column": 2
        },
        "end": {
          "line": 9,
          "column": 11
        }
      },
      "1": {
        "start": {
          "line": 11,
          "column": 0
        },
        "end": {
          "line": 11,
          "column": 20
        }
      },
      "2": {
        "start": {
          "line": 13,
          "column": 0
        },
        "end": {
          "line": 13,
          "column": 35
        }
      },
      "3": {
        "start": {
          "line": 15,
          "column": 20
        },
        "end": {
          "line": 15,
          "column": 97
        }
      },
      "4": {
        "start": {
          "line": 16,
          "column": 0
        },
        "end": {
          "line": 30,
          "column": 1
        }
      },
      "5": {
        "start": {
          "line": 17,
          "column": 2
        },
        "end": {
          "line": 21,
          "column": 3
        }
      },
      "6": {
        "start": {
          "line": 18,
          "column": 4
        },
        "end": {
          "line": 20,
          "column": 6
        }
      },
      "7": {
        "start": {
          "line": 22,
          "column": 2
        },
        "end": {
          "line": 29,
          "column": 5
        }
      },
      "8": {
        "start": {
          "line": 23,
          "column": 4
        },
        "end": {
          "line": 23,
          "column": 137
        }
      },
      "9": {
        "start": {
          "line": 24,
          "column": 4
        },
        "end": {
          "line": 28,
          "column": 7
        }
      },
      "10": {
        "start": {
          "line": 25,
          "column": 6
        },
        "end": {
          "line": 25,
          "column": 31
        }
      },
      "11": {
        "start": {
          "line": 25,
          "column": 24
        },
        "end": {
          "line": 25,
          "column": 31
        }
      },
      "12": {
        "start": {
          "line": 26,
          "column": 32
        },
        "end": {
          "line": 26,
          "column": 186
        }
      },
      "13": {
        "start": {
          "line": 27,
          "column": 6
        },
        "end": {
          "line": 27,
          "column": 75
        }
      },
      "14": {
        "start": {
          "line": 27,
          "column": 29
        },
        "end": {
          "line": 27,
          "column": 75
        }
      },
      "15": {
        "start": {
          "line": 32,
          "column": 2
        },
        "end": {
          "line": 32,
          "column": 116
        }
      },
      "16": {
        "start": {
          "line": 35,
          "column": 2
        },
        "end": {
          "line": 35,
          "column": 62
        }
      }
    },
    "fnMap": {
      "0": {
        "name": "BackgroundLogo",
        "decl": {
          "start": {
            "line": 4,
            "column": 24
          },
          "end": {
            "line": 4,
            "column": 38
          }
        },
        "loc": {
          "start": {
            "line": 4,
            "column": 41
          },
          "end": {
            "line": 10,
            "column": 1
          }
        },
        "line": 4
      },
      "1": {
        "name": "(anonymous_1)",
        "decl": {
          "start": {
            "line": 22,
            "column": 52
          },
          "end": {
            "line": 22,
            "column": 53
          }
        },
        "loc": {
          "start": {
            "line": 22,
            "column": 72
          },
          "end": {
            "line": 29,
            "column": 3
          }
        },
        "line": 22
      },
      "2": {
        "name": "(anonymous_2)",
        "decl": {
          "start": {
            "line": 24,
            "column": 27
          },
          "end": {
            "line": 24,
            "column": 28
          }
        },
        "loc": {
          "start": {
            "line": 24,
            "column": 44
          },
          "end": {
            "line": 28,
            "column": 5
          }
        },
        "line": 24
      },
      "3": {
        "name": "$RefreshReg$",
        "decl": {
          "start": {
            "line": 31,
            "column": 9
          },
          "end": {
            "line": 31,
            "column": 21
          }
        },
        "loc": {
          "start": {
            "line": 31,
            "column": 32
          },
          "end": {
            "line": 33,
            "column": 1
          }
        },
        "line": 31
      },
      "4": {
        "name": "$RefreshSig$",
        "decl": {
          "start": {
            "line": 34,
            "column": 9
          },
          "end": {
            "line": 34,
            "column": 21
          }
        },
        "loc": {
          "start": {
            "line": 34,
            "column": 24
          },
          "end": {
            "line": 36,
            "column": 1
          }
        },
        "line": 34
      }
    },
    "branchMap": {
      "0": {
        "loc": {
          "start": {
            "line": 15,
            "column": 20
          },
          "end": {
            "line": 15,
            "column": 97
          }
        },
        "type": "binary-expr",
        "locations": [
          {
            "start": {
              "line": 15,
              "column": 20
            },
            "end": {
              "line": 15,
              "column": 60
            }
          },
          {
            "start": {
              "line": 15,
              "column": 64
            },
            "end": {
              "line": 15,
              "column": 97
            }
          }
        ],
        "line": 15
      },
      "1": {
        "loc": {
          "start": {
            "line": 16,
            "column": 0
          },
          "end": {
            "line": 30,
            "column": 1
          }
        },
        "type": "if",
        "locations": [
          {
            "start": {
              "line": 16,
              "column": 0
            },
            "end": {
              "line": 30,
              "column": 1
            }
          },
          {
            "start": {},
            "end": {}
          }
        ],
        "line": 16
      },
      "2": {
        "loc": {
          "start": {
            "line": 16,
            "column": 4
          },
          "end": {
            "line": 16,
            "column": 35
          }
        },
        "type": "binary-expr",
        "locations": [
          {
            "start": {
              "line": 16,
              "column": 4
            },
            "end": {
              "line": 16,
              "column": 19
            }
          },
          {
            "start": {
              "line": 16,
              "column": 23
            },
            "end": {
              "line": 16,
              "column": 35
            }
          }
        ],
        "line": 16
      },
      "3": {
        "loc": {
          "start": {
            "line": 17,
            "column": 2
          },
          "end": {
            "line": 21,
            "column": 3
          }
        },
        "type": "if",
        "locations": [
          {
            "start": {
              "line": 17,
              "column": 2
            },
            "end": {
              "line": 21,
              "column": 3
            }
          },
          {
            "start": {},
            "end": {}
          }
        ],
        "line": 17
      },
      "4": {
        "loc": {
          "start": {
            "line": 25,
            "column": 6
          },
          "end": {
            "line": 25,
            "column": 31
          }
        },
        "type": "if",
        "locations": [
          {
            "start": {
              "line": 25,
              "column": 6
            },
            "end": {
              "line": 25,
              "column": 31
            }
          },
          {
            "start": {},
            "end": {}
          }
        ],
        "line": 25
      },
      "5": {
        "loc": {
          "start": {
            "line": 27,
            "column": 6
          },
          "end": {
            "line": 27,
            "column": 75
          }
        },
        "type": "if",
        "locations": [
          {
            "start": {
              "line": 27,
              "column": 6
            },
            "end": {
              "line": 27,
              "column": 75
            }
          },
          {
            "start": {},
            "end": {}
          }
        ],
        "line": 27
      }
    },
    "s": {
      "0": 34,
      "1": 17,
      "2": 17,
      "3": 17,
      "4": 17,
      "5": 17,
      "6": 0,
      "7": 17,
      "8": 17,
      "9": 17,
      "10": 0,
      "11": 0,
      "12": 0,
      "13": 0,
      "14": 0,
      "15": 17,
      "16": 0
    },
    "f": {
      "0": 34,
      "1": 17,
      "2": 0,
      "3": 17,
      "4": 0
    },
    "b": {
      "0": [
        17,
        0
      ],
      "1": [
        17,
        0
      ],
      "2": [
        17,
        17
      ],
      "3": [
        0,
        17
      ],
      "4": [
        0,
        0
      ],
      "5": [
        0,
        0
      ]
    },
    "inputSourceMap": {
      "version": 3,
      "mappings": "AAIS;AAJT,OAAOA,YAAY;AACnB,OAAOC,UAAU;AAEjB,wBAAwBC,iBAAiB;AACvC,SAAO,uBAAC,SAAI,KAAKD,MAAM,KAAI,mBAAkB,WAAWD,OAAOG,UAAxD;AAAA;AAAA;AAAA;AAAA,SAA+D;AACxE;AAACC,KAFuBF;AAAc,IAAAE;AAAAC,aAAAD,IAAA",
      "names": [
        "styles",
        "logo",
        "BackgroundLogo",
        "bgLogo",
        "_c",
        "$RefreshReg$"
      ],
      "ignoreList": [],
      "sources": [
        "C:/uni/Wish/frontend/wishlist-app/src/components/BackgroundLogo.jsx"
      ],
      "file": "C:/uni/Wish/frontend/wishlist-app/src/components/BackgroundLogo.jsx"
    },
    "_coverageSchema": "1a1c01bbd47fc00a2c39e90264f33305004495a9",
    "hash": "507936da3fc2871167657a3f02e193e22db4fa1d"
  },
  "C:/uni/Wish/frontend/wishlist-app/src/pages/Home.jsx": {
    "path": "C:/uni/Wish/frontend/wishlist-app/src/pages/Home.jsx",
    "statementMap": {
      "0": {
        "start": {
          "line": 5,
          "column": 2
        },
        "end": {
          "line": 33,
          "column": 11
        }
      },
      "1": {
        "start": {
          "line": 35,
          "column": 0
        },
        "end": {
          "line": 35,
          "column": 10
        }
      },
      "2": {
        "start": {
          "line": 37,
          "column": 0
        },
        "end": {
          "line": 37,
          "column": 25
        }
      },
      "3": {
        "start": {
          "line": 39,
          "column": 20
        },
        "end": {
          "line": 39,
          "column": 97
        }
      },
      "4": {
        "start": {
          "line": 40,
          "column": 0
        },
        "end": {
          "line": 54,
          "column": 1
        }
      },
      "5": {
        "start": {
          "line": 41,
          "column": 2
        },
        "end": {
          "line": 45,
          "column": 3
        }
      },
      "6": {
        "start": {
          "line": 42,
          "column": 4
        },
        "end": {
          "line": 44,
          "column": 6
        }
      },
      "7": {
        "start": {
          "line": 46,
          "column": 2
        },
        "end": {
          "line": 53,
          "column": 5
        }
      },
      "8": {
        "start": {
          "line": 47,
          "column": 4
        },
        "end": {
          "line": 47,
          "column": 122
        }
      },
      "9": {
        "start": {
          "line": 48,
          "column": 4
        },
        "end": {
          "line": 52,
          "column": 7
        }
      },
      "10": {
        "start": {
          "line": 49,
          "column": 6
        },
        "end": {
          "line": 49,
          "column": 31
        }
      },
      "11": {
        "start": {
          "line": 49,
          "column": 24
        },
        "end": {
          "line": 49,
          "column": 31
        }
      },
      "12": {
        "start": {
          "line": 50,
          "column": 32
        },
        "end": {
          "line": 50,
          "column": 171
        }
      },
      "13": {
        "start": {
          "line": 51,
          "column": 6
        },
        "end": {
          "line": 51,
          "column": 75
        }
      },
      "14": {
        "start": {
          "line": 51,
          "column": 29
        },
        "end": {
          "line": 51,
          "column": 75
        }
      },
      "15": {
        "start": {
          "line": 56,
          "column": 2
        },
        "end": {
          "line": 56,
          "column": 101
        }
      },
      "16": {
        "start": {
          "line": 59,
          "column": 2
        },
        "end": {
          "line": 59,
          "column": 62
        }
      }
    },
    "fnMap": {
      "0": {
        "name": "Home",
        "decl": {
          "start": {
            "line": 4,
            "column": 24
          },
          "end": {
            "line": 4,
            "column": 28
          }
        },
        "loc": {
          "start": {
            "line": 4,
            "column": 31
          },
          "end": {
            "line": 34,
            "column": 1
          }
        },
        "line": 4
      },
      "1": {
        "name": "(anonymous_1)",
        "decl": {
          "start": {
            "line": 46,
            "column": 52
          },
          "end": {
            "line": 46,
            "column": 53
          }
        },
        "loc": {
          "start": {
            "line": 46,
            "column": 72
          },
          "end": {
            "line": 53,
            "column": 3
          }
        },
        "line": 46
      },
      "2": {
        "name": "(anonymous_2)",
        "decl": {
          "start": {
            "line": 48,
            "column": 27
          },
          "end": {
            "line": 48,
            "column": 28
          }
        },
        "loc": {
          "start": {
            "line": 48,
            "column": 44
          },
          "end": {
            "line": 52,
            "column": 5
          }
        },
        "line": 48
      },
      "3": {
        "name": "$RefreshReg$",
        "decl": {
          "start": {
            "line": 55,
            "column": 9
          },
          "end": {
            "line": 55,
            "column": 21
          }
        },
        "loc": {
          "start": {
            "line": 55,
            "column": 32
          },
          "end": {
            "line": 57,
            "column": 1
          }
        },
        "line": 55
      },
      "4": {
        "name": "$RefreshSig$",
        "decl": {
          "start": {
            "line": 58,
            "column": 9
          },
          "end": {
            "line": 58,
            "column": 21
          }
        },
        "loc": {
          "start": {
            "line": 58,
            "column": 24
          },
          "end": {
            "line": 60,
            "column": 1
          }
        },
        "line": 58
      }
    },
    "branchMap": {
      "0": {
        "loc": {
          "start": {
            "line": 39,
            "column": 20
          },
          "end": {
            "line": 39,
            "column": 97
          }
        },
        "type": "binary-expr",
        "locations": [
          {
            "start": {
              "line": 39,
              "column": 20
            },
            "end": {
              "line": 39,
              "column": 60
            }
          },
          {
            "start": {
              "line": 39,
              "column": 64
            },
            "end": {
              "line": 39,
              "column": 97
            }
          }
        ],
        "line": 39
      },
      "1": {
        "loc": {
          "start": {
            "line": 40,
            "column": 0
          },
          "end": {
            "line": 54,
            "column": 1
          }
        },
        "type": "if",
        "locations": [
          {
            "start": {
              "line": 40,
              "column": 0
            },
            "end": {
              "line": 54,
              "column": 1
            }
          },
          {
            "start": {},
            "end": {}
          }
        ],
        "line": 40
      },
      "2": {
        "loc": {
          "start": {
            "line": 40,
            "column": 4
          },
          "end": {
            "line": 40,
            "column": 35
          }
        },
        "type": "binary-expr",
        "locations": [
          {
            "start": {
              "line": 40,
              "column": 4
            },
            "end": {
              "line": 40,
              "column": 19
            }
          },
          {
            "start": {
              "line": 40,
              "column": 23
            },
            "end": {
              "line": 40,
              "column": 35
            }
          }
        ],
        "line": 40
      },
      "3": {
        "loc": {
          "start": {
            "line": 41,
            "column": 2
          },
          "end": {
            "line": 45,
            "column": 3
          }
        },
        "type": "if",
        "locations": [
          {
            "start": {
              "line": 41,
              "column": 2
            },
            "end": {
              "line": 45,
              "column": 3
            }
          },
          {
            "start": {},
            "end": {}
          }
        ],
        "line": 41
      },
      "4": {
        "loc": {
          "start": {
            "line": 49,
            "column": 6
          },
          "end": {
            "line": 49,
            "column": 31
          }
        },
        "type": "if",
        "locations": [
          {
            "start": {
              "line": 49,
              "column": 6
            },
            "end": {
              "line": 49,
              "column": 31
            }
          },
          {
            "start": {},
            "end": {}
          }
        ],
        "line": 49
      },
      "5": {
        "loc": {
          "start": {
            "line": 51,
            "column": 6
          },
          "end": {
            "line": 51,
            "column": 75
          }
        },
        "type": "if",
        "locations": [
          {
            "start": {
              "line": 51,
              "column": 6
            },
            "end": {
              "line": 51,
              "column": 75
            }
          },
          {
            "start": {},
            "end": {}
          }
        ],
        "line": 51
      }
    },
    "s": {
      "0": 0,
      "1": 17,
      "2": 17,
      "3": 17,
      "4": 17,
      "5": 17,
      "6": 0,
      "7": 17,
      "8": 17,
      "9": 17,
      "10": 0,
      "11": 0,
      "12": 0,
      "13": 0,
      "14": 0,
      "15": 17,
      "16": 0
    },
    "f": {
      "0": 0,
      "1": 17,
      "2": 0,
      "3": 17,
      "4": 0
    },
    "b": {
      "0": [
        17,
        0
      ],
      "1": [
        17,
        0
      ],
      "2": [
        17,
        17
      ],
      "3": [
        0,
        17
      ],
      "4": [
        0,
        0
      ],
      "5": [
        0,
        0
      ]
    },
    "inputSourceMap": {
      "version": 3,
      "mappings": "AAOQ;AAPR,SAASA,YAAY;AACrB,OAAOC,YAAY;AAEnB,wBAAwBC,OAAO;AAC7B,SACE,uBAAC,SAAI,WAAWD,OAAOE,WACrB,iCAAC,SAAI,WAAWF,OAAOG,OACrB;AAAA,2BAAC,QAAG,WAAWH,OAAOI,OAAO,2BAA7B;AAAA;AAAA;AAAA;AAAA,WAAwC;AAAA,IACxC,uBAAC,OAAE,WAAWJ,OAAOK,UAAU,iIAA/B;AAAA;AAAA;AAAA;AAAA,WAGA;AAAA,IACA,uBAAC,QAAK,IAAG,SACP,iCAAC,YAAO,WAAWL,OAAOM,QAAQ,wBAAlC;AAAA;AAAA;AAAA;AAAA,WAA0C,KAD5C;AAAA;AAAA;AAAA;AAAA,WAEA;AAAA,OARF;AAAA;AAAA;AAAA;AAAA,SASA,KAVF;AAAA;AAAA;AAAA;AAAA,SAWA;AAEJ;AAACC,KAfuBN;AAAI,IAAAM;AAAAC,aAAAD,IAAA",
      "names": [
        "Link",
        "styles",
        "Home",
        "container",
        "block",
        "title",
        "subtitle",
        "button",
        "_c",
        "$RefreshReg$"
      ],
      "ignoreList": [],
      "sources": [
        "C:/uni/Wish/frontend/wishlist-app/src/pages/Home.jsx"
      ],
      "file": "C:/uni/Wish/frontend/wishlist-app/src/pages/Home.jsx"
    },
    "_coverageSchema": "1a1c01bbd47fc00a2c39e90264f33305004495a9",
    "hash": "7bcc9e7cdf61822dedbe0f26f185ad93bda6a467"
  },
  "C:/uni/Wish/frontend/wishlist-app/src/pages/Auth.jsx": {
    "path": "C:/uni/Wish/frontend/wishlist-app/src/pages/Auth.jsx",
    "statementMap": {
      "0": {
        "start": {
          "line": 2,
          "column": 9
        },
        "end": {
          "line": 2,
          "column": 23
        }
      },
      "1": {
        "start": {
          "line": 8,
          "column": 2
        },
        "end": {
          "line": 8,
          "column": 7
        }
      },
      "2": {
        "start": {
          "line": 9,
          "column": 32
        },
        "end": {
          "line": 9,
          "column": 46
        }
      },
      "3": {
        "start": {
          "line": 10,
          "column": 34
        },
        "end": {
          "line": 10,
          "column": 46
        }
      },
      "4": {
        "start": {
          "line": 11,
          "column": 28
        },
        "end": {
          "line": 11,
          "column": 40
        }
      },
      "5": {
        "start": {
          "line": 12,
          "column": 34
        },
        "end": {
          "line": 12,
          "column": 46
        }
      },
      "6": {
        "start": {
          "line": 13,
          "column": 28
        },
        "end": {
          "line": 13,
          "column": 43
        }
      },
      "7": {
        "start": {
          "line": 14,
          "column": 19
        },
        "end": {
          "line": 14,
          "column": 32
        }
      },
      "8": {
        "start": {
          "line": 15,
          "column": 23
[...]
      "2": 1,
      "3": 0,
      "4": 2,
      "5": 0,
      "6": 18,
      "7": 3,
      "8": 19,
      "9": 4,
      "10": 17,
      "11": 0,
      "12": 17,
      "13": 17
    },
    "b": {
      "0": [
        102,
        100
      ],
      "1": [
        0,
        1
      ],
      "2": [
        1,
        0
      ],
      "3": [
        0,
        0
      ],
      "4": [
        0,
        0
      ],
      "5": [
        0,
        0
      ],
      "6": [
        0,
        0
      ],
      "7": [
        2,
        0
      ],
      "8": [
        1,
        1
      ],
      "9": [
        2,
        1
      ],
      "10": [
        2,
        2
      ],
      "11": [
        1,
        1
      ],
      "12": [
        1,
        1
      ],
      "13": [
        4,
        98
      ],
      "14": [
        4,
        98
      ],
      "15": [
        102,
        2
      ],
      "16": [
        17,
        0
      ],
      "17": [
        17,
        0
      ],
      "18": [
        17,
        17
      ],
      "19": [
        0,
        17
      ],
      "20": [
        0,
        0
      ],
      "21": [
        0,
        0
      ]
    },
    "inputSourceMap": {
      "version": 3,
      "mappings": "AAkFY;;AAlFZ,SAASA,gBAAgB;AACzB,SAASC,aAAaC,mBAAmB;AACzC,OAAOC,YAAY;AACnB,OAAOC,wBAAwB;AAE/B,wBAAwBC,UAAU;AAAAC,KAAA;AAChC,QAAMC,WAAWN,YAAY;AAC7B,QAAMO,WAAWN,YAAY;AAC7B,QAAM,EAAEO,OAAOC,aAAaC,WAAWC,YAAY,IAAIJ,SAASK,SAAS,CAAC;AAE1E,QAAM,EAAEC,wBAAwBC,SAASC,MAAM,IAAIZ,mBAAmB;AAEtE,QAAM,CAACa,OAAOC,QAAQ,IAAIlB,SAAS,EAAE;AACrC,QAAM,CAACmB,MAAMC,OAAO,IAAIpB,SAAS,EAAE;AACnC,QAAM,CAACqB,OAAOC,QAAQ,IAAItB,SAAS,EAAE;AACrC,QAAM,CAACuB,MAAMC,OAAO,IAAIxB,SAAS,EAAE;AACnC,QAAM,CAACyB,eAAeC,gBAAgB,IAAI1B,SAAS,IAAI;AACvD,QAAM,CAAC2B,kBAAkBC,mBAAmB,IAAI5B,SAAS,IAAI;AAE7D,QAAM6B,wBAAwBA,CAACC,MAAM;AACnC,UAAMC,OAAOD,EAAEE,OAAOC,MAAM,CAAC;AAC7B,QAAI,CAACF,KAAM;AACXL,qBAAiBK,IAAI;AACrBH,wBAAoBM,IAAIC,gBAAgBJ,IAAI,CAAC;AAAA,EAC/C;AAEA,QAAMK,mBAAmBA,CAACN,MAAM;AAC9BA,MAAEO,eAAe;AACjB,QAAI,CAAClB,KAAKmB,KAAK,EAAG,QAAOC,MAAM,uBAAuB;AACtD,QAAIlB,MAAMiB,KAAK,KAAKE,MAAMC,OAAOpB,KAAK,CAAC;AACrC,aAAOkB,MAAM,wBAAwB;AAEvCrB;AAAAA,MAAS,CAACwB,SAAS;AAAA,QACjB,GAAGA;AAAAA,QACH;AAAA,UACEvB;AAAAA,UACAE,OAAOA,QAAQoB,OAAOpB,KAAK,IAAI;AAAA,UAC/BE;AAAAA,UACAoB,WAAWlB,iBAAiB;AAAA,QAC9B;AAAA,MAAC;AAAA,IACF;AAEDL,YAAQ,EAAE;AACVE,aAAS,EAAE;AACXE,YAAQ,EAAE;AACVE,qBAAiB,IAAI;AACrBE,wBAAoB,IAAI;AAAA,EAC1B;AAEA,QAAMgB,aAAa,OAAOd,MAAM;AAC9BA,MAAEO,eAAe;AAEjB,UAAMQ,aAAa,CAAC,GAAG5B,KAAK;AAC5B,QAAIE,KAAKmB,KAAK,GAAG;AACfO,iBAAWC,KAAK;AAAA,QACd3B;AAAAA,QACAE,OAAOA,QAAQoB,OAAOpB,KAAK,IAAI;AAAA,QAC/BE;AAAAA,QACAoB,WAAWlB,iBAAiB;AAAA,MAC9B,CAAC;AAAA,IACH;AAEA,UAAMsB,SAAS,MAAMjC,uBAAuB;AAAA,MAC1CL;AAAAA,MACAC;AAAAA,MACAE;AAAAA,MACAK,OAAO4B;AAAAA,MACPG,eAAerC,aAAa;AAAA,IAC9B,CAAC;AAED,QAAIoC,QAAQ;AACVxC,eAAS,aAAawC,OAAOE,SAASC,EAAE,EAAE;AAAA,IAC5C,OAAO;AACLX,YAAM,qBAAqBvB,SAAS,UAAU;AAAA,IAChD;AAAA,EACF;AAEA,SACE,uBAAC,SAAI,WAAWb,OAAOgD,WACrB;AAAA,2BAAC,SAAI,WAAWhD,OAAOiD,YACrB,iCAAC,SAAI,WAAWjD,OAAOkD,WACpB1B;AAAAA,yBACC;AAAA,QAAC;AAAA;AAAA,UACC,KAAKA;AAAAA,UACL,KAAI;AAAA,UACJ,WAAWxB,OAAOmD;AAAAA;AAAAA,QAHpB;AAAA;AAAA;AAAA;AAAA;AAAA;AAAA;AAAA;AAAA,MAG+B,IAG/B,uBAAC,SAAI,WAAWnD,OAAOmD,cAAvB;AAAA;AAAA;AAAA;AAAA,aAAmC;AAAA,MAGrC;AAAA,QAAC;AAAA;AAAA,UACC,MAAK;AAAA,UACL,QAAO;AAAA,UACP,IAAG;AAAA,UACH,OAAO,EAAEC,SAAS,OAAO;AAAA,UACzB,UAAU1B;AAAAA;AAAAA,QALZ;AAAA;AAAA;AAAA;AAAA;AAAA;AAAA;AAAA;AAAA,MAKkC;AAAA,MAGlC;AAAA,QAAC;AAAA;AAAA,UACC,WAAW1B,OAAOqD;AAAAA,UAClB,SAAS,CAAC1B,MAAM;AACdA,cAAEO,eAAe;AACjBoB,qBAASC,eAAe,gBAAgB,EAAEC,MAAM;AAAA,UAClD;AAAA,UAAE;AAAA;AAAA,QALJ;AAAA;AAAA;AAAA;AAAA;AAAA;AAAA;AAAA;AAAA,MAQA;AAAA,SA3BF;AAAA;AAAA;AAAA;AAAA,WA4BA,KA7BF;AAAA;AAAA;AAAA;AAAA,WA8BA;AAAA,IAEA,uBAAC,UAAK,WAAWxD,OAAOyD,aACtB;AAAA,6BAAC,QAAG,2BAAJ;AAAA;AAAA;AAAA;AAAA,aAAe;AAAA,MAEf,uBAAC,SAAI,WAAWzD,OAAO0D,iBACrB;AAAA,+BAAC,WAAM,yBAAP;AAAA;AAAA;AAAA;AAAA,eAAgB;AAAA,QAChB;AAAA,UAAC;AAAA;AAAA,YACC,eAAY;AAAA,YACZ,WAAW1D,OAAO2D;AAAAA,YAClB,OAAO3C;AAAAA,YACP,UAAU,CAACW,MAAMV,QAAQU,EAAEE,OAAO+B,KAAK;AAAA;AAAA,UAJzC;AAAA;AAAA;AAAA;AAAA;AAAA;AAAA;AAAA;AAAA,QAI2C;AAAA,QAG3C,uBAAC,WAAM,gCAAP;AAAA;AAAA;AAAA;AAAA,eAAuB;AAAA,QACvB;AAAA,UAAC;AAAA;AAAA,YACC,eAAY;AAAA,YACZ,WAAW5D,OAAO2D;AAAAA,YAClB,OAAOzC;AAAAA,YACP,UAAU,CAACS,MAAMR,SAASQ,EAAEE,OAAO+B,KAAK;AAAA;AAAA,UAJ1C;AAAA;AAAA;AAAA;AAAA;AAAA;AAAA;AAAA;AAAA,QAI4C;AAAA,QAG5C,uBAAC,WAAM,+BAAP;AAAA;AAAA;AAAA;AAAA,eAAsB;AAAA,QACtB;AAAA,UAAC;AAAA;AAAA,YACC,eAAY;AAAA,YACZ,WAAW5D,OAAO2D;AAAAA,YAClB,OAAOvC;AAAAA,YACP,UAAU,CAACO,MAAMN,QAAQM,EAAEE,OAAO+B,KAAK;AAAA;AAAA,UAJzC;AAAA;AAAA;AAAA;AAAA;AAAA;AAAA;AAAA;AAAA,QAI2C;AAAA,WAtB7C;AAAA;AAAA;AAAA;AAAA,aAwBA;AAAA,MAEA,uBAAC,SAAI,WAAW5D,OAAO6D,aACrB;AAAA,+BAAC,YAAO,SAAS5B,kBAAkB,WAAWjC,OAAO8D,eAAc,8BAAnE;AAAA;AAAA;AAAA;AAAA,eAEA;AAAA,QAEA;AAAA,UAAC;AAAA;AAAA,YACC,SAASrB;AAAAA,YACT,WAAWzC,OAAO+D;AAAAA,YAClB,UAAUnD;AAAAA,YAETA,oBAAU,cAAc;AAAA;AAAA,UAL3B;AAAA;AAAA;AAAA;AAAA;AAAA;AAAA;AAAA;AAAA,QAMA;AAAA,WAXF;AAAA;AAAA;AAAA;AAAA,aAYA;AAAA,MAECC,SAAS,uBAAC,OAAE,OAAO,EAAEmD,OAAO,MAAM,GAAInD,mBAA7B;AAAA;AAAA;AAAA;AAAA,aAAmC;AAAA,SA3C/C;AAAA;AAAA;AAAA;AAAA,WA4CA;AAAA,OA7EF;AAAA;AAAA;AAAA;AAAA,SA8EA;AAEJ;AAACV,GAzJuBD,SAAO;AAAA,UACZJ,aACAC,aAGkCE,kBAAkB;AAAA;AAAAgE,KAL/C/D;AAAO,IAAA+D;AAAAC,aAAAD,IAAA",
      "names": [
        "useState",
        "useNavigate",
        "useLocation",
        "styles",
        "useWishlistManager",
        "AddItem",
        "_s",
        "navigate",
        "location",
        "title",
        "description",
        "coverFile",
        "wishlist_id",
        "state",
        "createOrUpdateWishlist",
        "loading",
        "error",
        "items",
        "setItems",
        "name",
        "setName",
        "price",
        "setPrice",
        "link",
        "setLink",
        "itemCoverFile",
        "setItemCoverFile",
        "itemCoverPreview",
        "setItemCoverPreview",
        "handleItemCoverChange",
        "e",
        "file",
        "target",
        "files",
        "URL",
        "createObjectURL",
        "handleAddAnother",
        "preventDefault",
        "trim",
        "alert",
        "isNaN",
        "Number",
        "prev",
        "imageFile",
        "handleDone",
        "finalItems",
        "push",
        "result",
        "wishlistCover",
        "wishlist",
        "id",
        "container",
        "leftColumn",
        "coverCard",
        "coverImage",
        "display",
        "coverButton",
        "document",
        "getElementById",
        "click",
        "rightColumn",
        "inputGroupItems",
        "itemsInput",
        "value",
        "buttonGroup",
        "addItemButton",
        "addFinalItemButton",
        "color",
        "_c",
        "$RefreshReg$"
      ],
      "ignoreList": [],
      "sources": [
        "C:/uni/Wish/frontend/wishlist-app/src/pages/AddItem.jsx"
      ],
      "file": "C:/uni/Wish/frontend/wishlist-app/src/pages/AddItem.jsx"
    },
    "_coverageSchema": "1a1c01bbd47fc00a2c39e90264f33305004495a9",
    "hash": "536f888c5bf5d379ba4a469f843aa3a11f1f1b54"
  },
  "C:/uni/Wish/frontend/wishlist-app/src/App.jsx": {
    "path": "C:/uni/Wish/frontend/wishlist-app/src/App.jsx",
    "statementMap": {
      "0": {
        "start": {
          "line": 15,
          "column": 2
        },
        "end": {
          "line": 114,
          "column": 11
        }
      },
      "1": {
        "start": {
          "line": 116,
          "column": 0
        },
        "end": {
          "line": 116,
          "column": 9
        }
      },
      "2": {
        "start": {
          "line": 119,
          "column": 0
        },
        "end": {
          "line": 119,
          "column": 24
        }
      },
      "3": {
        "start": {
          "line": 121,
          "column": 20
        },
        "end": {
          "line": 121,
          "column": 97
        }
      },
      "4": {
        "start": {
          "line": 122,
          "column": 0
        },
        "end": {
          "line": 136,
          "column": 1
        }
      },
      "5": {
        "start": {
          "line": 123,
          "column": 2
        },
        "end": {
          "line": 127,
          "column": 3
        }
      },
      "6": {
        "start": {
          "line": 124,
          "column": 4
        },
        "end": {
          "line": 126,
          "column": 6
        }
      },
      "7": {
        "start": {
          "line": 128,
          "column": 2
        },
        "end": {
          "line": 135,
          "column": 5
        }
      },
      "8": {
        "start": {
          "line": 129,
          "column": 4
        },
        "end": {
          "line": 129,
          "column": 115
        }
      },
      "9": {
        "start": {
          "line": 130,
          "column": 4
        },
        "end": {
          "line": 134,
          "column": 7
        }
      },
      "10": {
        "start": {
          "line": 131,
          "column": 6
        },
        "end": {
          "line": 131,
          "column": 31
        }
      },
      "11": {
        "start": {
          "line": 131,
          "column": 24
        },
        "end": {
          "line": 131,
          "column": 31
        }
      },
      "12": {
        "start": {
          "line": 132,
          "column": 32
        },
        "end": {
          "line": 132,
          "column": 164
        }
      },
      "13": {
        "start": {
          "line": 133,
          "column": 6
        },
        "end": {
          "line": 133,
          "column": 75
        }
      },
      "14": {
        "start": {
          "line": 133,
          "column": 29
        },
        "end": {
          "line": 133,
          "column": 75
        }
      },
      "15": {
        "start": {
          "line": 138,
          "column": 2
        },
        "end": {
          "line": 138,
          "column": 94
        }
      },
      "16": {
        "start": {
          "line": 141,
          "column": 2
        },
        "end": {
          "line": 141,
          "column": 62
        }
      }
    },
    "fnMap": {
      "0": {
        "name": "App",
        "decl": {
          "start": {
            "line": 14,
            "column": 9
          },
          "end": {
            "line": 14,
            "column": 12
          }
        },
        "loc": {
          "start": {
            "line": 14,
            "column": 15
          },
          "end": {
            "line": 115,
            "column": 1
          }
        },
        "line": 14
      },
      "1": {
        "name": "(anonymous_1)",
        "decl": {
          "start": {
            "line": 128,
            "column": 52
          },
          "end": {
            "line": 128,
            "column": 53
          }
        },
        "loc": {
          "start": {
            "line": 128,
            "column": 72
          },
          "end": {
            "line": 135,
            "column": 3
          }
        },
        "line": 128
      },
      "2": {
        "name": "(anonymous_2)",
        "decl": {
          "start": {
            "line": 130,
            "column": 27
          },
          "end": {
            "line": 130,
            "column": 28
          }
        },
        "loc": {
          "start": {
            "line": 130,
            "column": 44
          },
          "end": {
            "line": 134,
            "column": 5
          }
        },
        "line": 130
      },
      "3": {
        "name": "$RefreshReg$",
        "decl": {
          "start": {
            "line": 137,
            "column": 9
          },
          "end": {
            "line": 137,
            "column": 21
          }
        },
        "loc": {
          "start": {
            "line": 137,
            "column": 32
          },
          "end": {
            "line": 139,
            "column": 1
          }
        },
        "line": 137
      },
      "4": {
        "name": "$RefreshSig$",
        "decl": {
          "start": {
            "line": 140,
            "column": 9
          },
          "end": {
            "line": 140,
            "column": 21
          }
        },
        "loc": {
          "start": {
            "line": 140,
            "column": 24
          },
          "end": {
            "line": 142,
            "column": 1
          }
        },
        "line": 140
      }
    },
    "branchMap": {
      "0": {
        "loc": {
          "start": {
            "line": 121,
            "column": 20
          },
          "end": {
            "line": 121,
            "column": 97
          }
        },
        "type": "binary-expr",
        "locations": [
          {
            "start": {
              "line": 121,
              "column": 20
            },
            "end": {
              "line": 121,
              "column": 60
            }
          },
          {
            "start": {
              "line": 121,
              "column": 64
            },
            "end": {
              "line": 121,
              "column": 97
            }
          }
        ],
        "line": 121
      },
      "1": {
        "loc": {
          "start": {
            "line": 122,
            "column": 0
          },
          "end": {
            "line": 136,
            "column": 1
          }
        },
        "type": "if",
        "locations": [
          {
            "start": {
              "line": 122,
              "column": 0
            },
            "end": {
              "line": 136,
              "column": 1
            }
          },
          {
            "start": {},
            "end": {}
          }
        ],
        "line": 122
      },
      "2": {
        "loc": {
          "start": {
            "line": 122,
            "column": 4
          },
          "end": {
            "line": 122,
            "column": 35
          }
        },
        "type": "binary-expr",
        "locations": [
          {
            "start": {
              "line": 122,
              "column": 4
            },
            "end": {
              "line": 122,
              "column": 19
            }
          },
          {
            "start": {
              "line": 122,
              "column": 23
            },
            "end": {
              "line": 122,
              "column": 35
            }
          }
        ],
        "line": 122
      },
      "3": {
        "loc": {
          "start": {
            "line": 123,
            "column": 2
          },
          "end": {
            "line": 127,
            "column": 3
          }
        },
        "type": "if",
        "locations": [
          {
            "start": {
              "line": 123,
              "column": 2
            },
            "end": {
              "line": 127,
              "column": 3
            }
          },
          {
            "start": {},
            "end": {}
          }
        ],
        "line": 123
      },
      "4": {
        "loc": {
          "start": {
            "line": 131,
            "column": 6
          },
          "end": {
            "line": 131,
            "column": 31
          }
        },
        "type": "if",
        "locations": [
          {
            "start": {
              "line": 131,
              "column": 6
            },
            "end": {
              "line": 131,
              "column": 31
            }
          },
          {
            "start": {},
            "end": {}
          }
        ],
        "line": 131
      },
      "5": {
        "loc": {
          "start": {
            "line": 133,
            "column": 6
          },
          "end": {
            "line": 133,
            "column": 75
          }
        },
        "type": "if",
        "locations": [
          {
            "start": {
              "line": 133,
              "column": 6
            },
            "end": {
              "line": 133,
              "column": 75
            }
          },
          {
            "start": {},
            "end": {}
          }
        ],
        "line": 133
      }
    },
    "s": {
      "0": 34,
      "1": 17,
      "2": 17,
      "3": 17,
      "4": 17,
      "5": 17,
      "6": 0,
      "7": 17,
      "8": 17,
      "9": 17,
      "10": 0,
      "11": 0,
      "12": 0,
      "13": 0,
      "14": 0,
      "15": 17,
      "16": 0
    },
    "f": {
      "0": 34,
      "1": 17,
      "2": 0,
      "3": 17,
      "4": 0
    },
    "b": {
      "0": [
        17,
        0
      ],
      "1": [
        17,
        0
      ],
      "2": [
        17,
        17
      ],
      "3": [
        0,
        17
      ],
      "4": [
        0,
        0
      ],
      "5": [
        0,
        0
      ]
    },
    "inputSourceMap": {
      "version": 3,
      "mappings": "AAiBQ;AAjBR,SAASA,iBAAiBC,QAAQC,QAAQC,aAAa;AACvD,OAAOC,YAAY;AACnB,OAAOC,YAAY;AACnB,OAAOC,oBAAoB;AAC3B,OAAOC,UAAU;AACjB,OAAOC,UAAU;AACjB,OAAOC,cAAc;AACrB,OAAOC,kBAAkB;AACzB,OAAOC,cAAc;AACrB,OAAOC,iBAAiB;AACxB,OAAOC,aAAa;AACpB,SAASC,oBAAoB;AAE7B,SAASC,MAAM;AACb,SACE,uBAAC,gBACC,iCAAC,UACC;AAAA,2BAAC,oBAAD;AAAA;AAAA;AAAA;AAAA,WAAe;AAAA,IACf,uBAAC,SAAI,WAAU,gBACb;AAAA,6BAAC,YAAD;AAAA;AAAA;AAAA;AAAA,aAAO;AAAA,MACP,uBAAC,UACC;AAAA,+BAAC,SAAM,MAAK,KAAI,SAAS,uBAAC,UAAD;AAAA;AAAA;AAAA;AAAA,eAAK,KAA9B;AAAA;AAAA;AAAA;AAAA,eAAkC;AAAA,QAClC,uBAAC,SAAM,MAAK,SAAQ,SAAS,uBAAC,UAAD;AAAA;AAAA;AAAA;AAAA,eAAK,KAAlC;AAAA;AAAA;AAAA;AAAA,eAAsC;AAAA,QACtC,uBAAC,SAAM,MAAK,SAAQ,SAAS,uBAAC,cAAD;AAAA;AAAA;AAAA;AAAA,eAAS,KAAtC;AAAA;AAAA;AAAA;AAAA,eAA0C;AAAA,QAC1C,uBAAC,SAAM,MAAK,iBAAgB,SAAS,uBAAC,kBAAD;AAAA;AAAA;AAAA;AAAA,eAAa,KAAlD;AAAA;AAAA;AAAA;AAAA,eAAsD;AAAA,QACtD,uBAAC,SAAM,MAAK,iBAAgB,SAAS,uBAAC,iBAAD;AAAA;AAAA;AAAA;AAAA,eAAY,KAAjD;AAAA;AAAA;AAAA;AAAA,eAAqD;AAAA,QACrD,uBAAC,SAAM,MAAK,aAAY,SAAS,uBAAC,aAAD;AAAA;AAAA;AAAA;AAAA,eAAQ,KAAzC;AAAA;AAAA;AAAA;AAAA,eAA6C;AAAA,QAC7C,uBAAC,SAAM,MAAK,KAAI,SAAS,uBAAC,cAAD;AAAA;AAAA;AAAA;AAAA,eAAS,KAAlC;AAAA;AAAA;AAAA;AAAA,eAAsC;AAAA,WAPxC;AAAA;AAAA;AAAA;AAAA,aAQA;AAAA,MACA,uBAAC,YAAD;AAAA;AAAA;AAAA;AAAA,aAAO;AAAA,SAXT;AAAA;AAAA;AAAA;AAAA,WAYA;AAAA,OAdF;AAAA;AAAA;AAAA;AAAA,SAeA,KAhBF;AAAA;AAAA;AAAA;AAAA,SAiBA;AAEJ;AAACC,KArBQD;AAuBT,eAAeA;AAAI,IAAAC;AAAAC,aAAAD,IAAA",
      "names": [
        "BrowserRouter",
        "Router",
        "Routes",
        "Route",
        "Header",
        "Footer",
        "BackgroundLogo",
        "Home",
        "Auth",
        "UserPage",
        "WishlistPage",
        "NotFound",
        "AddWishlist",
        "AddItem",
        "AuthProvider",
        "App",
        "_c",
        "$RefreshReg$"
      ],
      "ignoreList": [],
      "sources": [
        "C:/uni/Wish/frontend/wishlist-app/src/App.jsx"
      ],
      "file": "C:/uni/Wish/frontend/wishlist-app/src/App.jsx"
    },
    "_coverageSchema": "1a1c01bbd47fc00a2c39e90264f33305004495a9",
    "hash": "4cd1d0bba294e5a0fdff812ed1d5b3d16d27f297"
  },
  "C:/uni/Wish/frontend/wishlist-app/src/main.jsx": {
    "path": "C:/uni/Wish/frontend/wishlist-app/src/main.jsx",
    "statementMap": {
      "0": {
        "start": {
          "line": 6,
          "column": 0
        },
        "end": {
          "line": 16,
          "column": 2
        }
      }
    },
    "fnMap": {},
    "branchMap": {},
    "s": {
      "0": 17
    },
    "f": {},
    "b": {},
    "inputSourceMap": {
      "version": 3,
      "mappings": "AAOI;AAPJ,SAASA,kBAAkB;AAC3B,SAASC,kBAAkB;AAC3B,OAAO;AACP,OAAOC,SAAS;AAEhBD,WAAWE,SAASC,eAAe,MAAM,CAAC,EAAEC;AAAAA,EAC1C,uBAAC,cACC,iCAAC,SAAD;AAAA;AAAA;AAAA;AAAA,SAAI,KADN;AAAA;AAAA;AAAA;AAAA,SAEA;AACF",
      "names": [
        "StrictMode",
        "createRoot",
        "App",
        "document",
        "getElementById",
        "render"
      ],
      "ignoreList": [],
      "sources": [
        "C:/uni/Wish/frontend/wishlist-app/src/main.jsx"
      ],
      "file": "C:/uni/Wish/frontend/wishlist-app/src/main.jsx"
    },
    "_coverageSchema": "1a1c01bbd47fc00a2c39e90264f33305004495a9",
    "hash": "b20392095055cc68b86107d558edeebb620ebe12"
  }
}